  [1m[35m (13.3ms)[0m  [1m[35mCREATE TABLE "schema_migrations" ("version" varchar NOT NULL PRIMARY KEY)[0m
  [1m[35m (16.0ms)[0m  [1m[35mCREATE TABLE "ar_internal_metadata" ("key" varchar NOT NULL PRIMARY KEY, "value" varchar, "created_at" datetime(6) NOT NULL, "updated_at" datetime(6) NOT NULL)[0m
  [1m[36mActiveRecord::SchemaMigration Pluck (0.1ms)[0m  [1m[34mSELECT "schema_migrations"."version" FROM "schema_migrations" ORDER BY "schema_migrations"."version" ASC[0m
Migrating to CreateUsers (20240913032749)
  [1m[36mTRANSACTION (0.0ms)[0m  [1m[36mbegin transaction[0m
  [1m[35m (0.3ms)[0m  [1m[35mCREATE TABLE "users" ("id" integer PRIMARY KEY AUTOINCREMENT NOT NULL, "fname" varchar NOT NULL, "lname" varchar NOT NULL, "email" varchar NOT NULL, "password_digest" varchar NOT NULL, "passwordSalt" varchar NOT NULL, "isAdmin" boolean NOT NULL, "status" varchar NOT NULL, "created_at" datetime(6) NOT NULL, "updated_at" datetime(6) NOT NULL)[0m
  [1m[35m (0.1ms)[0m  [1m[35mCREATE UNIQUE INDEX "index_users_on_email" ON "users" ("email")[0m
  [1m[36mActiveRecord::SchemaMigration Create (0.2ms)[0m  [1m[32mINSERT INTO "schema_migrations" ("version") VALUES (?)[0m  [["version", "20240913032749"]]
  [1m[36mTRANSACTION (23.2ms)[0m  [1m[36mcommit transaction[0m
  [1m[36mActiveRecord::InternalMetadata Load (0.1ms)[0m  [1m[34mSELECT "ar_internal_metadata".* FROM "ar_internal_metadata" WHERE "ar_internal_metadata"."key" = ? LIMIT ?[0m  [["key", "environment"], ["LIMIT", 1]]
  [1m[36mTRANSACTION (0.0ms)[0m  [1m[36mbegin transaction[0m
  [1m[36mActiveRecord::InternalMetadata Create (0.2ms)[0m  [1m[32mINSERT INTO "ar_internal_metadata" ("key", "value", "created_at", "updated_at") VALUES (?, ?, ?, ?)[0m  [["key", "environment"], ["value", "development"], ["created_at", "2024-09-13 03:35:34.667154"], ["updated_at", "2024-09-13 03:35:34.667154"]]
  [1m[36mTRANSACTION (16.7ms)[0m  [1m[36mcommit transaction[0m
  [1m[36mActiveRecord::SchemaMigration Pluck (0.1ms)[0m  [1m[34mSELECT "schema_migrations"."version" FROM "schema_migrations" ORDER BY "schema_migrations"."version" ASC[0m
  [1m[36mActiveRecord::SchemaMigration Pluck (0.1ms)[0m  [1m[34mSELECT "schema_migrations"."version" FROM "schema_migrations" ORDER BY "schema_migrations"."version" ASC[0m
Migrating to CreateCategories (20240913043019)
  [1m[36mTRANSACTION (0.0ms)[0m  [1m[36mbegin transaction[0m
  [1m[35m (0.3ms)[0m  [1m[35mCREATE TABLE "categories" ("id" integer PRIMARY KEY AUTOINCREMENT NOT NULL, "categoryName" varchar, "created_at" datetime(6) NOT NULL, "updated_at" datetime(6) NOT NULL)[0m
  [1m[35m (0.1ms)[0m  [1m[35mCREATE UNIQUE INDEX "index_categories_on_categoryName" ON "categories" ("categoryName")[0m
  [1m[36mActiveRecord::SchemaMigration Create (0.2ms)[0m  [1m[32mINSERT INTO "schema_migrations" ("version") VALUES (?)[0m  [["version", "20240913043019"]]
  [1m[36mTRANSACTION (14.6ms)[0m  [1m[36mcommit transaction[0m
  [1m[36mActiveRecord::InternalMetadata Load (0.1ms)[0m  [1m[34mSELECT "ar_internal_metadata".* FROM "ar_internal_metadata" WHERE "ar_internal_metadata"."key" = ? LIMIT ?[0m  [["key", "environment"], ["LIMIT", 1]]
  [1m[36mActiveRecord::SchemaMigration Pluck (0.1ms)[0m  [1m[34mSELECT "schema_migrations"."version" FROM "schema_migrations" ORDER BY "schema_migrations"."version" ASC[0m
  [1m[36mActiveRecord::SchemaMigration Pluck (0.1ms)[0m  [1m[34mSELECT "schema_migrations"."version" FROM "schema_migrations" ORDER BY "schema_migrations"."version" ASC[0m
Migrating to CreateAuthors (20240913050122)
  [1m[36mTRANSACTION (0.0ms)[0m  [1m[36mbegin transaction[0m
  [1m[35m (0.3ms)[0m  [1m[35mCREATE TABLE "authors" ("id" integer PRIMARY KEY AUTOINCREMENT NOT NULL, "authFname" varchar, "authLname" varchar, "authByear" varchar, "authDyear" varchar, "biography" text, "user_id" integer NOT NULL, "created_at" datetime(6) NOT NULL, "updated_at" datetime(6) NOT NULL, CONSTRAINT "fk_rails_46e884287b"
FOREIGN KEY ("user_id")
  REFERENCES "users" ("id")
)[0m
  [1m[35m (0.1ms)[0m  [1m[35mCREATE INDEX "index_authors_on_user_id" ON "authors" ("user_id")[0m
  [1m[36mActiveRecord::SchemaMigration Create (0.5ms)[0m  [1m[32mINSERT INTO "schema_migrations" ("version") VALUES (?)[0m  [["version", "20240913050122"]]
  [1m[36mTRANSACTION (29.8ms)[0m  [1m[36mcommit transaction[0m
  [1m[36mActiveRecord::InternalMetadata Load (0.1ms)[0m  [1m[34mSELECT "ar_internal_metadata".* FROM "ar_internal_metadata" WHERE "ar_internal_metadata"."key" = ? LIMIT ?[0m  [["key", "environment"], ["LIMIT", 1]]
  [1m[36mActiveRecord::SchemaMigration Pluck (0.1ms)[0m  [1m[34mSELECT "schema_migrations"."version" FROM "schema_migrations" ORDER BY "schema_migrations"."version" ASC[0m
  [1m[36mActiveRecord::SchemaMigration Pluck (0.1ms)[0m  [1m[34mSELECT "schema_migrations"."version" FROM "schema_migrations" ORDER BY "schema_migrations"."version" ASC[0m
Migrating to CreateQuotes (20240913053150)
  [1m[36mTRANSACTION (0.0ms)[0m  [1m[36mbegin transaction[0m
  [1m[35m (0.3ms)[0m  [1m[35mCREATE TABLE "quotes" ("id" integer PRIMARY KEY AUTOINCREMENT NOT NULL, "quoteText" text NOT NULL, "dateOfAddition" datetime(6) NOT NULL, "yearOfPublication" varchar, "comment" text, "isQuotePublic" boolean DEFAULT 1, "user_id" integer NOT NULL, "quote_id" integer NOT NULL, "created_at" datetime(6) NOT NULL, "updated_at" datetime(6) NOT NULL, CONSTRAINT "fk_rails_02b555fb4d"
FOREIGN KEY ("user_id")
  REFERENCES "users" ("id")
, CONSTRAINT "fk_rails_f2ee8a8c6c"
FOREIGN KEY ("quote_id")
  REFERENCES "quotes" ("id")
)[0m
  [1m[35m (0.1ms)[0m  [1m[35mCREATE INDEX "index_quotes_on_user_id" ON "quotes" ("user_id")[0m
  [1m[35m (0.1ms)[0m  [1m[35mCREATE INDEX "index_quotes_on_quote_id" ON "quotes" ("quote_id")[0m
  [1m[36mActiveRecord::SchemaMigration Create (0.2ms)[0m  [1m[32mINSERT INTO "schema_migrations" ("version") VALUES (?)[0m  [["version", "20240913053150"]]
  [1m[36mTRANSACTION (26.5ms)[0m  [1m[36mcommit transaction[0m
  [1m[36mActiveRecord::InternalMetadata Load (0.1ms)[0m  [1m[34mSELECT "ar_internal_metadata".* FROM "ar_internal_metadata" WHERE "ar_internal_metadata"."key" = ? LIMIT ?[0m  [["key", "environment"], ["LIMIT", 1]]
  [1m[36mActiveRecord::SchemaMigration Pluck (0.1ms)[0m  [1m[34mSELECT "schema_migrations"."version" FROM "schema_migrations" ORDER BY "schema_migrations"."version" ASC[0m
  [1m[36mActiveRecord::SchemaMigration Pluck (0.1ms)[0m  [1m[34mSELECT "schema_migrations"."version" FROM "schema_migrations" ORDER BY "schema_migrations"."version" ASC[0m
Migrating to CreateQuoteCategories (20240913054432)
  [1m[36mTRANSACTION (0.0ms)[0m  [1m[36mbegin transaction[0m
  [1m[35m (0.4ms)[0m  [1m[35mCREATE TABLE "quote_categories" ("id" integer PRIMARY KEY AUTOINCREMENT NOT NULL, "quote_id" integer NOT NULL, "category_id" integer NOT NULL, "created_at" datetime(6) NOT NULL, "updated_at" datetime(6) NOT NULL, CONSTRAINT "fk_rails_c34a150410"
FOREIGN KEY ("quote_id")
  REFERENCES "quotes" ("id")
, CONSTRAINT "fk_rails_2f1b48a620"
FOREIGN KEY ("category_id")
  REFERENCES "categories" ("id")
)[0m
  [1m[35m (0.2ms)[0m  [1m[35mCREATE INDEX "index_quote_categories_on_quote_id" ON "quote_categories" ("quote_id")[0m
  [1m[35m (0.1ms)[0m  [1m[35mCREATE INDEX "index_quote_categories_on_category_id" ON "quote_categories" ("category_id")[0m
  [1m[36mActiveRecord::SchemaMigration Create (0.2ms)[0m  [1m[32mINSERT INTO "schema_migrations" ("version") VALUES (?)[0m  [["version", "20240913054432"]]
  [1m[36mTRANSACTION (33.6ms)[0m  [1m[36mcommit transaction[0m
  [1m[36mActiveRecord::InternalMetadata Load (0.1ms)[0m  [1m[34mSELECT "ar_internal_metadata".* FROM "ar_internal_metadata" WHERE "ar_internal_metadata"."key" = ? LIMIT ?[0m  [["key", "environment"], ["LIMIT", 1]]
  [1m[36mActiveRecord::SchemaMigration Pluck (0.1ms)[0m  [1m[34mSELECT "schema_migrations"."version" FROM "schema_migrations" ORDER BY "schema_migrations"."version" ASC[0m
  [1m[36mActiveRecord::SchemaMigration Pluck (0.1ms)[0m  [1m[34mSELECT "schema_migrations"."version" FROM "schema_migrations" ORDER BY "schema_migrations"."version" ASC[0m
Migrating to QuoteChanges (20240913063723)
  [1m[36mTRANSACTION (0.0ms)[0m  [1m[36mbegin transaction[0m
  [1m[35m (0.0ms)[0m  [1m[35mPRAGMA foreign_keys[0m
  [1m[35m (0.1ms)[0m  [1m[35mPRAGMA defer_foreign_keys[0m
  [1m[35m (0.0ms)[0m  [1m[35mPRAGMA defer_foreign_keys = ON[0m
  [1m[35m (0.1ms)[0m  [1m[35mPRAGMA foreign_keys = OFF[0m
  [1m[35m (0.2ms)[0m  [1m[35mCREATE TEMPORARY TABLE "aquotes" ("id" integer NOT NULL PRIMARY KEY, "quoteText" text NOT NULL, "dateOfAddition" datetime(6) NOT NULL, "yearOfPublication" varchar DEFAULT NULL, "comment" text DEFAULT NULL, "isQuotePublic" boolean DEFAULT 1, "user_id" integer NOT NULL, "quote_id" integer NOT NULL, "created_at" datetime(6) NOT NULL, "updated_at" datetime(6) NOT NULL)[0m
  [1m[35m (0.1ms)[0m  [1m[35mCREATE INDEX "tindex_aquotes_on_quote_id" ON "aquotes" ("quote_id")[0m
  [1m[35m (0.1ms)[0m  [1m[35mCREATE INDEX "tindex_aquotes_on_user_id" ON "aquotes" ("user_id")[0m
  [1m[35m (0.1ms)[0m  [1m[32mINSERT INTO "aquotes" ("id","quoteText","dateOfAddition","yearOfPublication","comment","isQuotePublic","user_id","quote_id","created_at","updated_at")
                     SELECT "id","quoteText","dateOfAddition","yearOfPublication","comment","isQuotePublic","user_id","quote_id","created_at","updated_at" FROM "quotes"[0m
  [1m[35m (0.5ms)[0m  [1m[35mDROP TABLE "quotes"[0m
  [1m[35m (0.1ms)[0m  [1m[35mCREATE TABLE "quotes" ("id" integer NOT NULL PRIMARY KEY, "quoteText" text NOT NULL, "dateOfAddition" datetime(6) NOT NULL, "yearOfPublication" varchar DEFAULT NULL, "comment" text DEFAULT NULL, "isQuotePublic" boolean DEFAULT 1, "user_id" integer NOT NULL, "quote_id" integer NOT NULL, "created_at" datetime(6) NOT NULL, "updated_at" datetime(6) NOT NULL, CONSTRAINT "fk_rails_02b555fb4d"
FOREIGN KEY ("user_id")
  REFERENCES "users" ("id")
)[0m
  [1m[35m (0.1ms)[0m  [1m[35mCREATE INDEX "index_quotes_on_user_id" ON "quotes" ("user_id")[0m
  [1m[35m (0.1ms)[0m  [1m[35mCREATE INDEX "index_quotes_on_quote_id" ON "quotes" ("quote_id")[0m
  [1m[35m (0.1ms)[0m  [1m[32mINSERT INTO "quotes" ("id","quoteText","dateOfAddition","yearOfPublication","comment","isQuotePublic","user_id","quote_id","created_at","updated_at")
                     SELECT "id","quoteText","dateOfAddition","yearOfPublication","comment","isQuotePublic","user_id","quote_id","created_at","updated_at" FROM "aquotes"[0m
  [1m[35m (0.1ms)[0m  [1m[35mDROP TABLE "aquotes"[0m
  [1m[35m (0.0ms)[0m  [1m[35mPRAGMA defer_foreign_keys = 0[0m
  [1m[35m (0.1ms)[0m  [1m[35mPRAGMA foreign_keys = 1[0m
  [1m[35m (0.0ms)[0m  [1m[35mPRAGMA foreign_keys[0m
  [1m[35m (0.0ms)[0m  [1m[35mPRAGMA defer_foreign_keys[0m
  [1m[35m (0.0ms)[0m  [1m[35mPRAGMA defer_foreign_keys = ON[0m
  [1m[35m (0.0ms)[0m  [1m[35mPRAGMA foreign_keys = OFF[0m
  [1m[35m (0.1ms)[0m  [1m[35mCREATE TEMPORARY TABLE "aquotes" ("id" integer NOT NULL PRIMARY KEY, "quoteText" text NOT NULL, "dateOfAddition" datetime(6) NOT NULL, "yearOfPublication" varchar DEFAULT NULL, "comment" text DEFAULT NULL, "isQuotePublic" boolean DEFAULT 1, "user_id" integer NOT NULL, "quote_id" integer NOT NULL, "created_at" datetime(6) NOT NULL, "updated_at" datetime(6) NOT NULL)[0m
  [1m[35m (0.1ms)[0m  [1m[35mCREATE INDEX "tindex_aquotes_on_quote_id" ON "aquotes" ("quote_id")[0m
  [1m[35m (0.1ms)[0m  [1m[35mCREATE INDEX "tindex_aquotes_on_user_id" ON "aquotes" ("user_id")[0m
  [1m[35m (0.1ms)[0m  [1m[32mINSERT INTO "aquotes" ("id","quoteText","dateOfAddition","yearOfPublication","comment","isQuotePublic","user_id","quote_id","created_at","updated_at")
                     SELECT "id","quoteText","dateOfAddition","yearOfPublication","comment","isQuotePublic","user_id","quote_id","created_at","updated_at" FROM "quotes"[0m
  [1m[35m (0.1ms)[0m  [1m[35mDROP TABLE "quotes"[0m
  [1m[35m (0.1ms)[0m  [1m[35mCREATE TABLE "quotes" ("id" integer NOT NULL PRIMARY KEY, "quoteText" text NOT NULL, "dateOfAddition" datetime(6) NOT NULL, "yearOfPublication" varchar DEFAULT NULL, "comment" text DEFAULT NULL, "isQuotePublic" boolean DEFAULT 1, "user_id" integer NOT NULL, "created_at" datetime(6) NOT NULL, "updated_at" datetime(6) NOT NULL, CONSTRAINT "fk_rails_02b555fb4d"
FOREIGN KEY ("user_id")
  REFERENCES "users" ("id")
)[0m
  [1m[35m (0.1ms)[0m  [1m[35mCREATE INDEX "index_quotes_on_user_id" ON "quotes" ("user_id")[0m
  [1m[35m (0.0ms)[0m  [1m[32mINSERT INTO "quotes" ("id","quoteText","dateOfAddition","yearOfPublication","comment","isQuotePublic","user_id","created_at","updated_at")
                     SELECT "id","quoteText","dateOfAddition","yearOfPublication","comment","isQuotePublic","user_id","created_at","updated_at" FROM "aquotes"[0m
  [1m[35m (0.1ms)[0m  [1m[35mDROP TABLE "aquotes"[0m
  [1m[35m (0.0ms)[0m  [1m[35mPRAGMA defer_foreign_keys = 0[0m
  [1m[35m (0.0ms)[0m  [1m[35mPRAGMA foreign_keys = 1[0m
  [1m[35m (0.0ms)[0m  [1m[35mPRAGMA foreign_keys[0m
  [1m[35m (0.0ms)[0m  [1m[35mPRAGMA defer_foreign_keys[0m
  [1m[35m (0.0ms)[0m  [1m[35mPRAGMA defer_foreign_keys = ON[0m
  [1m[35m (0.0ms)[0m  [1m[35mPRAGMA foreign_keys = OFF[0m
  [1m[35m (0.1ms)[0m  [1m[35mCREATE TEMPORARY TABLE "aquotes" ("id" integer NOT NULL PRIMARY KEY, "quoteText" text NOT NULL, "dateOfAddition" datetime(6) NOT NULL, "yearOfPublication" varchar DEFAULT NULL, "comment" text DEFAULT NULL, "isQuotePublic" boolean DEFAULT 1, "user_id" integer NOT NULL, "created_at" datetime(6) NOT NULL, "updated_at" datetime(6) NOT NULL)[0m
  [1m[35m (0.1ms)[0m  [1m[35mCREATE INDEX "tindex_aquotes_on_user_id" ON "aquotes" ("user_id")[0m
  [1m[35m (0.1ms)[0m  [1m[32mINSERT INTO "aquotes" ("id","quoteText","dateOfAddition","yearOfPublication","comment","isQuotePublic","user_id","created_at","updated_at")
                     SELECT "id","quoteText","dateOfAddition","yearOfPublication","comment","isQuotePublic","user_id","created_at","updated_at" FROM "quotes"[0m
  [1m[35m (0.1ms)[0m  [1m[35mDROP TABLE "quotes"[0m
  [1m[35m (0.2ms)[0m  [1m[35mCREATE TABLE "quotes" ("id" integer NOT NULL PRIMARY KEY, "quoteText" text NOT NULL, "dateOfAddition" datetime(6) NOT NULL, "yearOfPublication" varchar DEFAULT NULL, "comment" text DEFAULT NULL, "isQuotePublic" boolean DEFAULT 1, "user_id" integer NOT NULL, "created_at" datetime(6) NOT NULL, "updated_at" datetime(6) NOT NULL, "author_id" integer NOT NULL, CONSTRAINT "fk_rails_02b555fb4d"
FOREIGN KEY ("user_id")
  REFERENCES "users" ("id")
)[0m
  [1m[35m (0.1ms)[0m  [1m[35mCREATE INDEX "index_quotes_on_user_id" ON "quotes" ("user_id")[0m
  [1m[35m (0.1ms)[0m  [1m[32mINSERT INTO "quotes" ("id","quoteText","dateOfAddition","yearOfPublication","comment","isQuotePublic","user_id","created_at","updated_at")
                     SELECT "id","quoteText","dateOfAddition","yearOfPublication","comment","isQuotePublic","user_id","created_at","updated_at" FROM "aquotes"[0m
  [1m[35m (0.1ms)[0m  [1m[35mDROP TABLE "aquotes"[0m
  [1m[35m (0.0ms)[0m  [1m[35mPRAGMA defer_foreign_keys = 0[0m
  [1m[35m (0.0ms)[0m  [1m[35mPRAGMA foreign_keys = 1[0m
  [1m[35m (0.1ms)[0m  [1m[35mCREATE INDEX "index_quotes_on_author_id" ON "quotes" ("author_id")[0m
  [1m[35m (0.0ms)[0m  [1m[35mPRAGMA foreign_keys[0m
  [1m[35m (0.1ms)[0m  [1m[35mPRAGMA defer_foreign_keys[0m
  [1m[35m (0.1ms)[0m  [1m[35mPRAGMA defer_foreign_keys = ON[0m
  [1m[35m (0.0ms)[0m  [1m[35mPRAGMA foreign_keys = OFF[0m
  [1m[35m (0.1ms)[0m  [1m[35mCREATE TEMPORARY TABLE "aquotes" ("id" integer NOT NULL PRIMARY KEY, "quoteText" text NOT NULL, "dateOfAddition" datetime(6) NOT NULL, "yearOfPublication" varchar DEFAULT NULL, "comment" text DEFAULT NULL, "isQuotePublic" boolean DEFAULT 1, "user_id" integer NOT NULL, "created_at" datetime(6) NOT NULL, "updated_at" datetime(6) NOT NULL, "author_id" integer NOT NULL)[0m
  [1m[35m (0.1ms)[0m  [1m[35mCREATE INDEX "tindex_aquotes_on_author_id" ON "aquotes" ("author_id")[0m
  [1m[35m (0.1ms)[0m  [1m[35mCREATE INDEX "tindex_aquotes_on_user_id" ON "aquotes" ("user_id")[0m
  [1m[35m (0.1ms)[0m  [1m[32mINSERT INTO "aquotes" ("id","quoteText","dateOfAddition","yearOfPublication","comment","isQuotePublic","user_id","created_at","updated_at","author_id")
                     SELECT "id","quoteText","dateOfAddition","yearOfPublication","comment","isQuotePublic","user_id","created_at","updated_at","author_id" FROM "quotes"[0m
  [1m[35m (0.1ms)[0m  [1m[35mDROP TABLE "quotes"[0m
  [1m[35m (0.1ms)[0m  [1m[35mCREATE TABLE "quotes" ("id" integer NOT NULL PRIMARY KEY, "quoteText" text NOT NULL, "dateOfAddition" datetime(6) NOT NULL, "yearOfPublication" varchar DEFAULT NULL, "comment" text DEFAULT NULL, "isQuotePublic" boolean DEFAULT 1, "user_id" integer NOT NULL, "created_at" datetime(6) NOT NULL, "updated_at" datetime(6) NOT NULL, "author_id" integer NOT NULL, CONSTRAINT "fk_rails_02b555fb4d"
FOREIGN KEY ("user_id")
  REFERENCES "users" ("id")
, CONSTRAINT "fk_rails_3d9d6db8c2"
FOREIGN KEY ("author_id")
  REFERENCES "authors" ("id")
)[0m
  [1m[35m (0.1ms)[0m  [1m[35mCREATE INDEX "index_quotes_on_user_id" ON "quotes" ("user_id")[0m
  [1m[35m (0.1ms)[0m  [1m[35mCREATE INDEX "index_quotes_on_author_id" ON "quotes" ("author_id")[0m
  [1m[35m (0.1ms)[0m  [1m[32mINSERT INTO "quotes" ("id","quoteText","dateOfAddition","yearOfPublication","comment","isQuotePublic","user_id","created_at","updated_at","author_id")
                     SELECT "id","quoteText","dateOfAddition","yearOfPublication","comment","isQuotePublic","user_id","created_at","updated_at","author_id" FROM "aquotes"[0m
  [1m[35m (0.1ms)[0m  [1m[35mDROP TABLE "aquotes"[0m
  [1m[35m (0.0ms)[0m  [1m[35mPRAGMA defer_foreign_keys = 0[0m
  [1m[35m (0.0ms)[0m  [1m[35mPRAGMA foreign_keys = 1[0m
  [1m[36mActiveRecord::SchemaMigration Create (0.2ms)[0m  [1m[32mINSERT INTO "schema_migrations" ("version") VALUES (?)[0m  [["version", "20240913063723"]]
  [1m[36mTRANSACTION (18.2ms)[0m  [1m[36mcommit transaction[0m
  [1m[36mActiveRecord::InternalMetadata Load (0.1ms)[0m  [1m[34mSELECT "ar_internal_metadata".* FROM "ar_internal_metadata" WHERE "ar_internal_metadata"."key" = ? LIMIT ?[0m  [["key", "environment"], ["LIMIT", 1]]
  [1m[36mActiveRecord::SchemaMigration Pluck (0.1ms)[0m  [1m[34mSELECT "schema_migrations"."version" FROM "schema_migrations" ORDER BY "schema_migrations"."version" ASC[0m
  [1m[36mActiveRecord::SchemaMigration Pluck (0.1ms)[0m  [1m[34mSELECT "schema_migrations"."version" FROM "schema_migrations" ORDER BY "schema_migrations"."version" ASC[0m
  [1m[36mActiveRecord::InternalMetadata Load (0.1ms)[0m  [1m[34mSELECT "ar_internal_metadata".* FROM "ar_internal_metadata" WHERE "ar_internal_metadata"."key" = ? LIMIT ?[0m  [["key", "environment"], ["LIMIT", 1]]
  [1m[36mActiveRecord::SchemaMigration Pluck (0.1ms)[0m  [1m[34mSELECT "schema_migrations"."version" FROM "schema_migrations" ORDER BY "schema_migrations"."version" ASC[0m
  [1m[36mActiveRecord::SchemaMigration Pluck (0.1ms)[0m  [1m[34mSELECT "schema_migrations"."version" FROM "schema_migrations" ORDER BY "schema_migrations"."version" ASC[0m
Migrating to SchemaRemovals (20241009093101)
  [1m[36mActiveRecord::SchemaMigration Pluck (0.1ms)[0m  [1m[34mSELECT "schema_migrations"."version" FROM "schema_migrations" ORDER BY "schema_migrations"."version" ASC[0m
Migrating to SchemaRemovals (20241009093101)
  [1m[36mTRANSACTION (0.0ms)[0m  [1m[36mbegin transaction[0m
  [1m[35m (0.1ms)[0m  [1m[35mPRAGMA foreign_keys[0m
  [1m[35m (0.1ms)[0m  [1m[35mPRAGMA defer_foreign_keys[0m
  [1m[35m (0.1ms)[0m  [1m[35mPRAGMA defer_foreign_keys = ON[0m
  [1m[35m (0.1ms)[0m  [1m[35mPRAGMA foreign_keys = OFF[0m
  [1m[35m (0.2ms)[0m  [1m[35mCREATE TEMPORARY TABLE "ausers" ("id" integer NOT NULL PRIMARY KEY, "fname" varchar NOT NULL, "lname" varchar NOT NULL, "email" varchar NOT NULL, "password_digest" varchar NOT NULL, "passwordSalt" varchar NOT NULL, "isAdmin" boolean NOT NULL, "status" varchar NOT NULL, "created_at" datetime(6) NOT NULL, "updated_at" datetime(6) NOT NULL)[0m
  [1m[35m (0.1ms)[0m  [1m[35mCREATE UNIQUE INDEX "tindex_ausers_on_email" ON "ausers" ("email")[0m
  [1m[35m (0.1ms)[0m  [1m[32mINSERT INTO "ausers" ("id","fname","lname","email","password_digest","passwordSalt","isAdmin","status","created_at","updated_at")
                     SELECT "id","fname","lname","email","password_digest","passwordSalt","isAdmin","status","created_at","updated_at" FROM "users"[0m
  [1m[35m (0.7ms)[0m  [1m[35mDROP TABLE "users"[0m
  [1m[35m (0.2ms)[0m  [1m[35mCREATE TABLE "users" ("id" integer NOT NULL PRIMARY KEY, "fname" varchar NOT NULL, "lname" varchar NOT NULL, "email" varchar NOT NULL, "password_digest" varchar NOT NULL, "isAdmin" boolean NOT NULL, "status" varchar NOT NULL, "created_at" datetime(6) NOT NULL, "updated_at" datetime(6) NOT NULL)[0m
  [1m[35m (0.1ms)[0m  [1m[35mCREATE UNIQUE INDEX "index_users_on_email" ON "users" ("email")[0m
  [1m[35m (0.1ms)[0m  [1m[32mINSERT INTO "users" ("id","fname","lname","email","password_digest","isAdmin","status","created_at","updated_at")
                     SELECT "id","fname","lname","email","password_digest","isAdmin","status","created_at","updated_at" FROM "ausers"[0m
  [1m[35m (0.1ms)[0m  [1m[35mDROP TABLE "ausers"[0m
  [1m[35m (0.0ms)[0m  [1m[35mPRAGMA defer_foreign_keys = 0[0m
  [1m[35m (0.0ms)[0m  [1m[35mPRAGMA foreign_keys = 1[0m
  [1m[35m (0.0ms)[0m  [1m[35mPRAGMA foreign_keys[0m
  [1m[35m (0.1ms)[0m  [1m[35mPRAGMA defer_foreign_keys[0m
  [1m[35m (0.1ms)[0m  [1m[35mPRAGMA defer_foreign_keys = ON[0m
  [1m[35m (0.0ms)[0m  [1m[35mPRAGMA foreign_keys = OFF[0m
  [1m[35m (0.1ms)[0m  [1m[35mCREATE TEMPORARY TABLE "aquotes" ("id" integer NOT NULL PRIMARY KEY, "quoteText" text NOT NULL, "dateOfAddition" datetime(6) NOT NULL, "yearOfPublication" varchar DEFAULT NULL, "comment" text DEFAULT NULL, "isQuotePublic" boolean DEFAULT 1, "user_id" integer NOT NULL, "created_at" datetime(6) NOT NULL, "updated_at" datetime(6) NOT NULL, "author_id" integer NOT NULL)[0m
  [1m[35m (0.1ms)[0m  [1m[35mCREATE INDEX "tindex_aquotes_on_author_id" ON "aquotes" ("author_id")[0m
  [1m[35m (0.1ms)[0m  [1m[35mCREATE INDEX "tindex_aquotes_on_user_id" ON "aquotes" ("user_id")[0m
  [1m[35m (0.1ms)[0m  [1m[32mINSERT INTO "aquotes" ("id","quoteText","dateOfAddition","yearOfPublication","comment","isQuotePublic","user_id","created_at","updated_at","author_id")
                     SELECT "id","quoteText","dateOfAddition","yearOfPublication","comment","isQuotePublic","user_id","created_at","updated_at","author_id" FROM "quotes"[0m
  [1m[35m (0.2ms)[0m  [1m[35mDROP TABLE "quotes"[0m
  [1m[35m (0.2ms)[0m  [1m[35mCREATE TABLE "quotes" ("id" integer NOT NULL PRIMARY KEY, "quoteText" text NOT NULL, "yearOfPublication" varchar DEFAULT NULL, "comment" text DEFAULT NULL, "isQuotePublic" boolean DEFAULT 1, "user_id" integer NOT NULL, "created_at" datetime(6) NOT NULL, "updated_at" datetime(6) NOT NULL, "author_id" integer NOT NULL, CONSTRAINT "fk_rails_3d9d6db8c2"
FOREIGN KEY ("author_id")
  REFERENCES "authors" ("id")
, CONSTRAINT "fk_rails_02b555fb4d"
FOREIGN KEY ("user_id")
  REFERENCES "users" ("id")
)[0m
  [1m[35m (0.1ms)[0m  [1m[35mCREATE INDEX "index_quotes_on_user_id" ON "quotes" ("user_id")[0m
  [1m[35m (0.1ms)[0m  [1m[35mCREATE INDEX "index_quotes_on_author_id" ON "quotes" ("author_id")[0m
  [1m[35m (0.1ms)[0m  [1m[32mINSERT INTO "quotes" ("id","quoteText","yearOfPublication","comment","isQuotePublic","user_id","created_at","updated_at","author_id")
                     SELECT "id","quoteText","yearOfPublication","comment","isQuotePublic","user_id","created_at","updated_at","author_id" FROM "aquotes"[0m
  [1m[35m (0.1ms)[0m  [1m[35mDROP TABLE "aquotes"[0m
  [1m[35m (0.1ms)[0m  [1m[35mPRAGMA defer_foreign_keys = 0[0m
  [1m[35m (0.1ms)[0m  [1m[35mPRAGMA foreign_keys = 1[0m
  [1m[36mTRANSACTION (0.2ms)[0m  [1m[31mrollback transaction[0m
  [1m[36mActiveRecord::SchemaMigration Pluck (0.1ms)[0m  [1m[34mSELECT "schema_migrations"."version" FROM "schema_migrations" ORDER BY "schema_migrations"."version" ASC[0m
Migrating to SchemaRemovals (20241009093101)
  [1m[36mTRANSACTION (0.1ms)[0m  [1m[36mbegin transaction[0m
  [1m[35m (0.1ms)[0m  [1m[35mPRAGMA foreign_keys[0m
  [1m[35m (0.1ms)[0m  [1m[35mPRAGMA defer_foreign_keys[0m
  [1m[35m (0.1ms)[0m  [1m[35mPRAGMA defer_foreign_keys = ON[0m
  [1m[35m (0.1ms)[0m  [1m[35mPRAGMA foreign_keys = OFF[0m
  [1m[35m (0.2ms)[0m  [1m[35mCREATE TEMPORARY TABLE "ausers" ("id" integer NOT NULL PRIMARY KEY, "fname" varchar NOT NULL, "lname" varchar NOT NULL, "email" varchar NOT NULL, "password_digest" varchar NOT NULL, "passwordSalt" varchar NOT NULL, "isAdmin" boolean NOT NULL, "status" varchar NOT NULL, "created_at" datetime(6) NOT NULL, "updated_at" datetime(6) NOT NULL)[0m
  [1m[35m (0.1ms)[0m  [1m[35mCREATE UNIQUE INDEX "tindex_ausers_on_email" ON "ausers" ("email")[0m
  [1m[35m (0.2ms)[0m  [1m[32mINSERT INTO "ausers" ("id","fname","lname","email","password_digest","passwordSalt","isAdmin","status","created_at","updated_at")
                     SELECT "id","fname","lname","email","password_digest","passwordSalt","isAdmin","status","created_at","updated_at" FROM "users"[0m
  [1m[35m (0.5ms)[0m  [1m[35mDROP TABLE "users"[0m
  [1m[35m (0.2ms)[0m  [1m[35mCREATE TABLE "users" ("id" integer NOT NULL PRIMARY KEY, "fname" varchar NOT NULL, "lname" varchar NOT NULL, "email" varchar NOT NULL, "password_digest" varchar NOT NULL, "isAdmin" boolean NOT NULL, "status" varchar NOT NULL, "created_at" datetime(6) NOT NULL, "updated_at" datetime(6) NOT NULL)[0m
  [1m[35m (0.1ms)[0m  [1m[35mCREATE UNIQUE INDEX "index_users_on_email" ON "users" ("email")[0m
  [1m[35m (0.2ms)[0m  [1m[32mINSERT INTO "users" ("id","fname","lname","email","password_digest","isAdmin","status","created_at","updated_at")
                     SELECT "id","fname","lname","email","password_digest","isAdmin","status","created_at","updated_at" FROM "ausers"[0m
  [1m[35m (1.0ms)[0m  [1m[35mDROP TABLE "ausers"[0m
  [1m[35m (0.1ms)[0m  [1m[35mPRAGMA defer_foreign_keys = 0[0m
  [1m[35m (0.3ms)[0m  [1m[35mPRAGMA foreign_keys = 1[0m
  [1m[35m (0.0ms)[0m  [1m[35mPRAGMA foreign_keys[0m
  [1m[35m (0.1ms)[0m  [1m[35mPRAGMA defer_foreign_keys[0m
  [1m[35m (0.0ms)[0m  [1m[35mPRAGMA defer_foreign_keys = ON[0m
  [1m[35m (0.0ms)[0m  [1m[35mPRAGMA foreign_keys = OFF[0m
  [1m[35m (0.1ms)[0m  [1m[35mCREATE TEMPORARY TABLE "aquotes" ("id" integer NOT NULL PRIMARY KEY, "quoteText" text NOT NULL, "dateOfAddition" datetime(6) NOT NULL, "yearOfPublication" varchar DEFAULT NULL, "comment" text DEFAULT NULL, "isQuotePublic" boolean DEFAULT 1, "user_id" integer NOT NULL, "created_at" datetime(6) NOT NULL, "updated_at" datetime(6) NOT NULL, "author_id" integer NOT NULL)[0m
  [1m[35m (0.1ms)[0m  [1m[35mCREATE INDEX "tindex_aquotes_on_author_id" ON "aquotes" ("author_id")[0m
  [1m[35m (0.3ms)[0m  [1m[35mCREATE INDEX "tindex_aquotes_on_user_id" ON "aquotes" ("user_id")[0m
  [1m[35m (0.1ms)[0m  [1m[32mINSERT INTO "aquotes" ("id","quoteText","dateOfAddition","yearOfPublication","comment","isQuotePublic","user_id","created_at","updated_at","author_id")
                     SELECT "id","quoteText","dateOfAddition","yearOfPublication","comment","isQuotePublic","user_id","created_at","updated_at","author_id" FROM "quotes"[0m
  [1m[35m (0.5ms)[0m  [1m[35mDROP TABLE "quotes"[0m
  [1m[35m (0.1ms)[0m  [1m[35mCREATE TABLE "quotes" ("id" integer NOT NULL PRIMARY KEY, "quoteText" text NOT NULL, "yearOfPublication" varchar DEFAULT NULL, "comment" text DEFAULT NULL, "isQuotePublic" boolean DEFAULT 1, "user_id" integer NOT NULL, "created_at" datetime(6) NOT NULL, "updated_at" datetime(6) NOT NULL, "author_id" integer NOT NULL, CONSTRAINT "fk_rails_3d9d6db8c2"
FOREIGN KEY ("author_id")
  REFERENCES "authors" ("id")
, CONSTRAINT "fk_rails_02b555fb4d"
FOREIGN KEY ("user_id")
  REFERENCES "users" ("id")
)[0m
  [1m[35m (0.3ms)[0m  [1m[35mCREATE INDEX "index_quotes_on_user_id" ON "quotes" ("user_id")[0m
  [1m[35m (0.1ms)[0m  [1m[35mCREATE INDEX "index_quotes_on_author_id" ON "quotes" ("author_id")[0m
  [1m[35m (0.1ms)[0m  [1m[32mINSERT INTO "quotes" ("id","quoteText","yearOfPublication","comment","isQuotePublic","user_id","created_at","updated_at","author_id")
                     SELECT "id","quoteText","yearOfPublication","comment","isQuotePublic","user_id","created_at","updated_at","author_id" FROM "aquotes"[0m
  [1m[35m (0.1ms)[0m  [1m[35mDROP TABLE "aquotes"[0m
  [1m[35m (0.1ms)[0m  [1m[35mPRAGMA defer_foreign_keys = 0[0m
  [1m[35m (0.0ms)[0m  [1m[35mPRAGMA foreign_keys = 1[0m
  [1m[36mTRANSACTION (0.2ms)[0m  [1m[31mrollback transaction[0m
  [1m[36mActiveRecord::SchemaMigration Pluck (0.1ms)[0m  [1m[34mSELECT "schema_migrations"."version" FROM "schema_migrations" ORDER BY "schema_migrations"."version" ASC[0m
Migrating to SchemaRemovals (20241009093101)
  [1m[36mActiveRecord::SchemaMigration Pluck (0.1ms)[0m  [1m[34mSELECT "schema_migrations"."version" FROM "schema_migrations" ORDER BY "schema_migrations"."version" ASC[0m
Migrating to SchemaRemovals (20241009093101)
  [1m[36mActiveRecord::SchemaMigration Pluck (0.1ms)[0m  [1m[34mSELECT "schema_migrations"."version" FROM "schema_migrations" ORDER BY "schema_migrations"."version" ASC[0m
Migrating to SchemaRemovals (20241009093101)
  [1m[36mTRANSACTION (0.0ms)[0m  [1m[36mbegin transaction[0m
  [1m[35m (0.0ms)[0m  [1m[35mPRAGMA foreign_keys[0m
  [1m[35m (0.0ms)[0m  [1m[35mPRAGMA defer_foreign_keys[0m
  [1m[35m (0.0ms)[0m  [1m[35mPRAGMA defer_foreign_keys = ON[0m
  [1m[35m (0.0ms)[0m  [1m[35mPRAGMA foreign_keys = OFF[0m
  [1m[35m (0.2ms)[0m  [1m[35mCREATE TEMPORARY TABLE "ausers" ("id" integer NOT NULL PRIMARY KEY, "fname" varchar NOT NULL, "lname" varchar NOT NULL, "email" varchar NOT NULL, "password_digest" varchar NOT NULL, "passwordSalt" varchar NOT NULL, "isAdmin" boolean NOT NULL, "status" varchar NOT NULL, "created_at" datetime(6) NOT NULL, "updated_at" datetime(6) NOT NULL)[0m
  [1m[35m (0.1ms)[0m  [1m[35mCREATE UNIQUE INDEX "tindex_ausers_on_email" ON "ausers" ("email")[0m
  [1m[35m (0.1ms)[0m  [1m[32mINSERT INTO "ausers" ("id","fname","lname","email","password_digest","passwordSalt","isAdmin","status","created_at","updated_at")
                     SELECT "id","fname","lname","email","password_digest","passwordSalt","isAdmin","status","created_at","updated_at" FROM "users"[0m
  [1m[35m (0.4ms)[0m  [1m[35mDROP TABLE "users"[0m
  [1m[35m (0.1ms)[0m  [1m[35mCREATE TABLE "users" ("id" integer NOT NULL PRIMARY KEY, "fname" varchar NOT NULL, "lname" varchar NOT NULL, "email" varchar NOT NULL, "password_digest" varchar NOT NULL, "isAdmin" boolean NOT NULL, "status" varchar NOT NULL, "created_at" datetime(6) NOT NULL, "updated_at" datetime(6) NOT NULL)[0m
  [1m[35m (0.1ms)[0m  [1m[35mCREATE UNIQUE INDEX "index_users_on_email" ON "users" ("email")[0m
  [1m[35m (0.1ms)[0m  [1m[32mINSERT INTO "users" ("id","fname","lname","email","password_digest","isAdmin","status","created_at","updated_at")
                     SELECT "id","fname","lname","email","password_digest","isAdmin","status","created_at","updated_at" FROM "ausers"[0m
  [1m[35m (0.1ms)[0m  [1m[35mDROP TABLE "ausers"[0m
  [1m[35m (0.0ms)[0m  [1m[35mPRAGMA defer_foreign_keys = 0[0m
  [1m[35m (0.0ms)[0m  [1m[35mPRAGMA foreign_keys = 1[0m
  [1m[35m (0.0ms)[0m  [1m[35mPRAGMA foreign_keys[0m
  [1m[35m (0.0ms)[0m  [1m[35mPRAGMA defer_foreign_keys[0m
  [1m[35m (0.0ms)[0m  [1m[35mPRAGMA defer_foreign_keys = ON[0m
  [1m[35m (0.0ms)[0m  [1m[35mPRAGMA foreign_keys = OFF[0m
  [1m[35m (0.2ms)[0m  [1m[35mCREATE TEMPORARY TABLE "aquotes" ("id" integer NOT NULL PRIMARY KEY, "quoteText" text NOT NULL, "dateOfAddition" datetime(6) NOT NULL, "yearOfPublication" varchar DEFAULT NULL, "comment" text DEFAULT NULL, "isQuotePublic" boolean DEFAULT 1, "user_id" integer NOT NULL, "created_at" datetime(6) NOT NULL, "updated_at" datetime(6) NOT NULL, "author_id" integer NOT NULL)[0m
  [1m[35m (0.1ms)[0m  [1m[35mCREATE INDEX "tindex_aquotes_on_author_id" ON "aquotes" ("author_id")[0m
  [1m[35m (0.1ms)[0m  [1m[35mCREATE INDEX "tindex_aquotes_on_user_id" ON "aquotes" ("user_id")[0m
  [1m[35m (0.1ms)[0m  [1m[32mINSERT INTO "aquotes" ("id","quoteText","dateOfAddition","yearOfPublication","comment","isQuotePublic","user_id","created_at","updated_at","author_id")
                     SELECT "id","quoteText","dateOfAddition","yearOfPublication","comment","isQuotePublic","user_id","created_at","updated_at","author_id" FROM "quotes"[0m
  [1m[35m (0.3ms)[0m  [1m[35mDROP TABLE "quotes"[0m
  [1m[35m (0.1ms)[0m  [1m[35mCREATE TABLE "quotes" ("id" integer NOT NULL PRIMARY KEY, "quoteText" text NOT NULL, "yearOfPublication" varchar DEFAULT NULL, "comment" text DEFAULT NULL, "isQuotePublic" boolean DEFAULT 1, "user_id" integer NOT NULL, "created_at" datetime(6) NOT NULL, "updated_at" datetime(6) NOT NULL, "author_id" integer NOT NULL, CONSTRAINT "fk_rails_3d9d6db8c2"
FOREIGN KEY ("author_id")
  REFERENCES "authors" ("id")
, CONSTRAINT "fk_rails_02b555fb4d"
FOREIGN KEY ("user_id")
  REFERENCES "users" ("id")
)[0m
  [1m[35m (0.1ms)[0m  [1m[35mCREATE INDEX "index_quotes_on_user_id" ON "quotes" ("user_id")[0m
  [1m[35m (0.1ms)[0m  [1m[35mCREATE INDEX "index_quotes_on_author_id" ON "quotes" ("author_id")[0m
  [1m[35m (0.1ms)[0m  [1m[32mINSERT INTO "quotes" ("id","quoteText","yearOfPublication","comment","isQuotePublic","user_id","created_at","updated_at","author_id")
                     SELECT "id","quoteText","yearOfPublication","comment","isQuotePublic","user_id","created_at","updated_at","author_id" FROM "aquotes"[0m
  [1m[35m (0.1ms)[0m  [1m[35mDROP TABLE "aquotes"[0m
  [1m[35m (0.0ms)[0m  [1m[35mPRAGMA defer_foreign_keys = 0[0m
  [1m[35m (0.0ms)[0m  [1m[35mPRAGMA foreign_keys = 1[0m
  [1m[36mActiveRecord::SchemaMigration Create (0.2ms)[0m  [1m[32mINSERT INTO "schema_migrations" ("version") VALUES (?)[0m  [["version", "20241009093101"]]
  [1m[36mTRANSACTION (23.0ms)[0m  [1m[36mcommit transaction[0m
  [1m[36mActiveRecord::InternalMetadata Load (0.1ms)[0m  [1m[34mSELECT "ar_internal_metadata".* FROM "ar_internal_metadata" WHERE "ar_internal_metadata"."key" = ? LIMIT ?[0m  [["key", "environment"], ["LIMIT", 1]]
  [1m[36mActiveRecord::SchemaMigration Pluck (0.1ms)[0m  [1m[34mSELECT "schema_migrations"."version" FROM "schema_migrations" ORDER BY "schema_migrations"."version" ASC[0m
  [1m[36mActiveRecord::SchemaMigration Pluck (0.1ms)[0m  [1m[34mSELECT "schema_migrations"."version" FROM "schema_migrations" ORDER BY "schema_migrations"."version" ASC[0m
  [1m[36mActiveRecord::InternalMetadata Load (0.1ms)[0m  [1m[34mSELECT "ar_internal_metadata".* FROM "ar_internal_metadata" WHERE "ar_internal_metadata"."key" = ? LIMIT ?[0m  [["key", "environment"], ["LIMIT", 1]]
  [1m[36mActiveRecord::SchemaMigration Pluck (0.1ms)[0m  [1m[34mSELECT "schema_migrations"."version" FROM "schema_migrations" ORDER BY "schema_migrations"."version" ASC[0m
  [1m[36mActiveRecord::SchemaMigration Pluck (0.1ms)[0m  [1m[34mSELECT "schema_migrations"."version" FROM "schema_migrations" ORDER BY "schema_migrations"."version" ASC[0m
  [1m[36mActiveRecord::InternalMetadata Load (0.1ms)[0m  [1m[34mSELECT "ar_internal_metadata".* FROM "ar_internal_metadata" WHERE "ar_internal_metadata"."key" = ? LIMIT ?[0m  [["key", "environment"], ["LIMIT", 1]]
  [1m[36mActiveRecord::SchemaMigration Pluck (0.1ms)[0m  [1m[34mSELECT "schema_migrations"."version" FROM "schema_migrations" ORDER BY "schema_migrations"."version" ASC[0m
  [1m[36mActiveRecord::SchemaMigration Pluck (0.1ms)[0m  [1m[34mSELECT "schema_migrations"."version" FROM "schema_migrations" ORDER BY "schema_migrations"."version" ASC[0m
  [1m[36mActiveRecord::InternalMetadata Load (0.1ms)[0m  [1m[34mSELECT "ar_internal_metadata".* FROM "ar_internal_metadata" WHERE "ar_internal_metadata"."key" = ? LIMIT ?[0m  [["key", "environment"], ["LIMIT", 1]]
  [1m[36mActiveRecord::SchemaMigration Pluck (0.1ms)[0m  [1m[34mSELECT "schema_migrations"."version" FROM "schema_migrations" ORDER BY "schema_migrations"."version" ASC[0m
  [1m[36mActiveRecord::SchemaMigration Pluck (1.1ms)[0m  [1m[34mSELECT "schema_migrations"."version" FROM "schema_migrations" ORDER BY "schema_migrations"."version" ASC[0m
Migrating to Test (20241009094841)
  [1m[36mTRANSACTION (0.0ms)[0m  [1m[36mbegin transaction[0m
  [1m[35m (0.0ms)[0m  [1m[35mPRAGMA foreign_keys[0m
  [1m[35m (0.0ms)[0m  [1m[35mPRAGMA defer_foreign_keys[0m
  [1m[35m (0.0ms)[0m  [1m[35mPRAGMA defer_foreign_keys = ON[0m
  [1m[35m (0.0ms)[0m  [1m[35mPRAGMA foreign_keys = OFF[0m
  [1m[35m (0.2ms)[0m  [1m[35mCREATE TEMPORARY TABLE "aauthors" ("id" integer NOT NULL PRIMARY KEY, "authFname" varchar DEFAULT NULL, "authLname" varchar DEFAULT NULL, "authByear" varchar DEFAULT NULL, "authDyear" varchar DEFAULT NULL, "biography" text DEFAULT NULL, "user_id" integer NOT NULL, "created_at" datetime(6) NOT NULL, "updated_at" datetime(6) NOT NULL)[0m
  [1m[35m (0.1ms)[0m  [1m[35mCREATE INDEX "tindex_aauthors_on_user_id" ON "aauthors" ("user_id")[0m
  [1m[35m (0.0ms)[0m  [1m[32mINSERT INTO "aauthors" ("id","authFname","authLname","authByear","authDyear","biography","user_id","created_at","updated_at")
                     SELECT "id","authFname","authLname","authByear","authDyear","biography","user_id","created_at","updated_at" FROM "authors"[0m
  [1m[35m (0.9ms)[0m  [1m[35mDROP TABLE "authors"[0m
  [1m[35m (0.1ms)[0m  [1m[35mCREATE TABLE "authors" ("id" integer NOT NULL PRIMARY KEY, "authFname" varchar DEFAULT NULL, "authLname" varchar DEFAULT NULL, "authByear" varchar DEFAULT NULL, "authDyear" varchar DEFAULT NULL, "biography" text DEFAULT NULL, "user_id" integer NOT NULL, "created_at" datetime(6) NOT NULL, "updated_at" datetime(6) NOT NULL)[0m
  [1m[35m (0.1ms)[0m  [1m[35mCREATE INDEX "index_authors_on_user_id" ON "authors" ("user_id")[0m
  [1m[35m (0.1ms)[0m  [1m[32mINSERT INTO "authors" ("id","authFname","authLname","authByear","authDyear","biography","user_id","created_at","updated_at")
                     SELECT "id","authFname","authLname","authByear","authDyear","biography","user_id","created_at","updated_at" FROM "aauthors"[0m
  [1m[35m (0.2ms)[0m  [1m[35mDROP TABLE "aauthors"[0m
  [1m[35m (0.1ms)[0m  [1m[35mPRAGMA defer_foreign_keys = 0[0m
  [1m[35m (0.0ms)[0m  [1m[35mPRAGMA foreign_keys = 1[0m
  [1m[35m (0.0ms)[0m  [1m[35mPRAGMA foreign_keys[0m
  [1m[35m (0.0ms)[0m  [1m[35mPRAGMA defer_foreign_keys[0m
  [1m[35m (0.1ms)[0m  [1m[35mPRAGMA defer_foreign_keys = ON[0m
  [1m[35m (0.0ms)[0m  [1m[35mPRAGMA foreign_keys = OFF[0m
  [1m[35m (0.1ms)[0m  [1m[35mCREATE TEMPORARY TABLE "aauthors" ("id" integer NOT NULL PRIMARY KEY, "authFname" varchar DEFAULT NULL, "authLname" varchar DEFAULT NULL, "authByear" varchar DEFAULT NULL, "authDyear" varchar DEFAULT NULL, "biography" text DEFAULT NULL, "user_id" integer NOT NULL, "created_at" datetime(6) NOT NULL, "updated_at" datetime(6) NOT NULL)[0m
  [1m[35m (0.1ms)[0m  [1m[35mCREATE INDEX "tindex_aauthors_on_user_id" ON "aauthors" ("user_id")[0m
  [1m[35m (0.0ms)[0m  [1m[32mINSERT INTO "aauthors" ("id","authFname","authLname","authByear","authDyear","biography","user_id","created_at","updated_at")
                     SELECT "id","authFname","authLname","authByear","authDyear","biography","user_id","created_at","updated_at" FROM "authors"[0m
  [1m[35m (0.1ms)[0m  [1m[35mDROP TABLE "authors"[0m
  [1m[35m (0.1ms)[0m  [1m[35mCREATE TABLE "authors" ("id" integer NOT NULL PRIMARY KEY, "authFname" varchar DEFAULT NULL, "authLname" varchar DEFAULT NULL, "authByear" varchar DEFAULT NULL, "authDyear" varchar DEFAULT NULL, "biography" text DEFAULT NULL, "created_at" datetime(6) NOT NULL, "updated_at" datetime(6) NOT NULL)[0m
  [1m[35m (0.0ms)[0m  [1m[32mINSERT INTO "authors" ("id","authFname","authLname","authByear","authDyear","biography","created_at","updated_at")
                     SELECT "id","authFname","authLname","authByear","authDyear","biography","created_at","updated_at" FROM "aauthors"[0m
  [1m[35m (0.1ms)[0m  [1m[35mDROP TABLE "aauthors"[0m
  [1m[35m (0.0ms)[0m  [1m[35mPRAGMA defer_foreign_keys = 0[0m
  [1m[35m (0.0ms)[0m  [1m[35mPRAGMA foreign_keys = 1[0m
  [1m[36mActiveRecord::SchemaMigration Create (0.2ms)[0m  [1m[32mINSERT INTO "schema_migrations" ("version") VALUES (?)[0m  [["version", "20241009094841"]]
  [1m[36mTRANSACTION (16.0ms)[0m  [1m[36mcommit transaction[0m
  [1m[36mActiveRecord::InternalMetadata Load (0.2ms)[0m  [1m[34mSELECT "ar_internal_metadata".* FROM "ar_internal_metadata" WHERE "ar_internal_metadata"."key" = ? LIMIT ?[0m  [["key", "environment"], ["LIMIT", 1]]
  [1m[36mActiveRecord::SchemaMigration Pluck (0.1ms)[0m  [1m[34mSELECT "schema_migrations"."version" FROM "schema_migrations" ORDER BY "schema_migrations"."version" ASC[0m
  [1m[36mActiveRecord::SchemaMigration Pluck (0.2ms)[0m  [1m[34mSELECT "schema_migrations"."version" FROM "schema_migrations" ORDER BY "schema_migrations"."version" ASC[0m
Migrating to AddedNullConstraints (20241009095202)
  [1m[36mActiveRecord::SchemaMigration Pluck (1.3ms)[0m  [1m[34mSELECT "schema_migrations"."version" FROM "schema_migrations" ORDER BY "schema_migrations"."version" ASC[0m
Migrating to RemoveAuthLnameFromAuthors (20241009095642)
  [1m[36mTRANSACTION (0.0ms)[0m  [1m[36mbegin transaction[0m
  [1m[35m (0.0ms)[0m  [1m[35mPRAGMA foreign_keys[0m
  [1m[35m (0.1ms)[0m  [1m[35mPRAGMA defer_foreign_keys[0m
  [1m[35m (0.1ms)[0m  [1m[35mPRAGMA defer_foreign_keys = ON[0m
  [1m[35m (0.1ms)[0m  [1m[35mPRAGMA foreign_keys = OFF[0m
  [1m[35m (0.2ms)[0m  [1m[35mCREATE TEMPORARY TABLE "aauthors" ("id" integer NOT NULL PRIMARY KEY, "authFname" varchar DEFAULT NULL, "authLname" varchar DEFAULT NULL, "authByear" varchar DEFAULT NULL, "authDyear" varchar DEFAULT NULL, "biography" text DEFAULT NULL, "created_at" datetime(6) NOT NULL, "updated_at" datetime(6) NOT NULL)[0m
  [1m[35m (0.1ms)[0m  [1m[32mINSERT INTO "aauthors" ("id","authFname","authLname","authByear","authDyear","biography","created_at","updated_at")
                     SELECT "id","authFname","authLname","authByear","authDyear","biography","created_at","updated_at" FROM "authors"[0m
  [1m[35m (0.3ms)[0m  [1m[35mDROP TABLE "authors"[0m
  [1m[35m (0.2ms)[0m  [1m[35mCREATE TABLE "authors" ("id" integer NOT NULL PRIMARY KEY, "authFname" varchar DEFAULT NULL, "authByear" varchar DEFAULT NULL, "authDyear" varchar DEFAULT NULL, "biography" text DEFAULT NULL, "created_at" datetime(6) NOT NULL, "updated_at" datetime(6) NOT NULL)[0m
  [1m[35m (0.1ms)[0m  [1m[32mINSERT INTO "authors" ("id","authFname","authByear","authDyear","biography","created_at","updated_at")
                     SELECT "id","authFname","authByear","authDyear","biography","created_at","updated_at" FROM "aauthors"[0m
  [1m[35m (0.1ms)[0m  [1m[35mDROP TABLE "aauthors"[0m
  [1m[35m (0.0ms)[0m  [1m[35mPRAGMA defer_foreign_keys = 0[0m
  [1m[35m (0.1ms)[0m  [1m[35mPRAGMA foreign_keys = 1[0m
  [1m[35m (0.0ms)[0m  [1m[35mPRAGMA foreign_keys[0m
  [1m[35m (0.0ms)[0m  [1m[35mPRAGMA defer_foreign_keys[0m
  [1m[35m (0.0ms)[0m  [1m[35mPRAGMA defer_foreign_keys = ON[0m
  [1m[35m (0.0ms)[0m  [1m[35mPRAGMA foreign_keys = OFF[0m
  [1m[35m (0.1ms)[0m  [1m[35mCREATE TEMPORARY TABLE "aauthors" ("id" integer NOT NULL PRIMARY KEY, "authFname" varchar DEFAULT NULL, "authByear" varchar DEFAULT NULL, "authDyear" varchar DEFAULT NULL, "biography" text DEFAULT NULL, "created_at" datetime(6) NOT NULL, "updated_at" datetime(6) NOT NULL)[0m
  [1m[35m (0.1ms)[0m  [1m[32mINSERT INTO "aauthors" ("id","authFname","authByear","authDyear","biography","created_at","updated_at")
                     SELECT "id","authFname","authByear","authDyear","biography","created_at","updated_at" FROM "authors"[0m
  [1m[35m (0.2ms)[0m  [1m[35mDROP TABLE "authors"[0m
  [1m[35m (0.1ms)[0m  [1m[35mCREATE TABLE "authors" ("id" integer NOT NULL PRIMARY KEY, "authByear" varchar DEFAULT NULL, "authDyear" varchar DEFAULT NULL, "biography" text DEFAULT NULL, "created_at" datetime(6) NOT NULL, "updated_at" datetime(6) NOT NULL)[0m
  [1m[35m (0.0ms)[0m  [1m[32mINSERT INTO "authors" ("id","authByear","authDyear","biography","created_at","updated_at")
                     SELECT "id","authByear","authDyear","biography","created_at","updated_at" FROM "aauthors"[0m
  [1m[35m (0.1ms)[0m  [1m[35mDROP TABLE "aauthors"[0m
  [1m[35m (0.0ms)[0m  [1m[35mPRAGMA defer_foreign_keys = 0[0m
  [1m[35m (0.1ms)[0m  [1m[35mPRAGMA foreign_keys = 1[0m
  [1m[35m (0.3ms)[0m  [1m[35mALTER TABLE "authors" ADD "authName" varchar[0m
  [1m[36mActiveRecord::SchemaMigration Create (0.2ms)[0m  [1m[32mINSERT INTO "schema_migrations" ("version") VALUES (?)[0m  [["version", "20241009095642"]]
  [1m[36mTRANSACTION (13.6ms)[0m  [1m[36mcommit transaction[0m
  [1m[36mActiveRecord::InternalMetadata Load (0.1ms)[0m  [1m[34mSELECT "ar_internal_metadata".* FROM "ar_internal_metadata" WHERE "ar_internal_metadata"."key" = ? LIMIT ?[0m  [["key", "environment"], ["LIMIT", 1]]
  [1m[36mActiveRecord::SchemaMigration Pluck (0.1ms)[0m  [1m[34mSELECT "schema_migrations"."version" FROM "schema_migrations" ORDER BY "schema_migrations"."version" ASC[0m
  [1m[36mActiveRecord::SchemaMigration Pluck (0.1ms)[0m  [1m[34mSELECT "schema_migrations"."version" FROM "schema_migrations" ORDER BY "schema_migrations"."version" ASC[0m
Migrating to ChangeNullConstraints (20241009101000)
  [1m[36mTRANSACTION (0.1ms)[0m  [1m[36mbegin transaction[0m
  [1m[35m (0.0ms)[0m  [1m[35mPRAGMA foreign_keys[0m
  [1m[35m (0.0ms)[0m  [1m[35mPRAGMA defer_foreign_keys[0m
  [1m[35m (0.0ms)[0m  [1m[35mPRAGMA defer_foreign_keys = ON[0m
  [1m[35m (0.0ms)[0m  [1m[35mPRAGMA foreign_keys = OFF[0m
  [1m[35m (0.2ms)[0m  [1m[35mCREATE TEMPORARY TABLE "aauthors" ("id" integer NOT NULL PRIMARY KEY, "authByear" varchar DEFAULT NULL, "authDyear" varchar DEFAULT NULL, "biography" text DEFAULT NULL, "created_at" datetime(6) NOT NULL, "updated_at" datetime(6) NOT NULL, "authName" varchar DEFAULT NULL)[0m
  [1m[35m (0.1ms)[0m  [1m[32mINSERT INTO "aauthors" ("id","authByear","authDyear","biography","created_at","updated_at","authName")
                     SELECT "id","authByear","authDyear","biography","created_at","updated_at","authName" FROM "authors"[0m
  [1m[35m (0.3ms)[0m  [1m[35mDROP TABLE "authors"[0m
  [1m[35m (0.1ms)[0m  [1m[35mCREATE TABLE "authors" ("id" integer NOT NULL PRIMARY KEY, "authByear" varchar DEFAULT NULL, "authDyear" varchar DEFAULT NULL, "biography" text DEFAULT NULL, "created_at" datetime(6) NOT NULL, "updated_at" datetime(6) NOT NULL, "authName" varchar DEFAULT NULL)[0m
  [1m[35m (0.0ms)[0m  [1m[32mINSERT INTO "authors" ("id","authByear","authDyear","biography","created_at","updated_at","authName")
                     SELECT "id","authByear","authDyear","biography","created_at","updated_at","authName" FROM "aauthors"[0m
  [1m[35m (0.1ms)[0m  [1m[35mDROP TABLE "aauthors"[0m
  [1m[35m (0.1ms)[0m  [1m[35mPRAGMA defer_foreign_keys = 0[0m
  [1m[35m (0.1ms)[0m  [1m[35mPRAGMA foreign_keys = 1[0m
  [1m[35m (0.0ms)[0m  [1m[35mPRAGMA foreign_keys[0m
  [1m[35m (0.0ms)[0m  [1m[35mPRAGMA defer_foreign_keys[0m
  [1m[35m (0.0ms)[0m  [1m[35mPRAGMA defer_foreign_keys = ON[0m
  [1m[35m (0.0ms)[0m  [1m[35mPRAGMA foreign_keys = OFF[0m
  [1m[35m (0.1ms)[0m  [1m[35mCREATE TEMPORARY TABLE "aauthors" ("id" integer NOT NULL PRIMARY KEY, "authByear" varchar DEFAULT NULL, "authDyear" varchar DEFAULT NULL, "biography" text DEFAULT NULL, "created_at" datetime(6) NOT NULL, "updated_at" datetime(6) NOT NULL, "authName" varchar DEFAULT NULL)[0m
  [1m[35m (0.1ms)[0m  [1m[32mINSERT INTO "aauthors" ("id","authByear","authDyear","biography","created_at","updated_at","authName")
                     SELECT "id","authByear","authDyear","biography","created_at","updated_at","authName" FROM "authors"[0m
  [1m[35m (0.1ms)[0m  [1m[35mDROP TABLE "authors"[0m
  [1m[35m (0.1ms)[0m  [1m[35mCREATE TABLE "authors" ("id" integer NOT NULL PRIMARY KEY, "authByear" varchar DEFAULT NULL, "authDyear" varchar DEFAULT NULL, "biography" text DEFAULT NULL, "created_at" datetime(6) NOT NULL, "updated_at" datetime(6) NOT NULL, "authName" varchar DEFAULT NULL)[0m
  [1m[35m (0.0ms)[0m  [1m[32mINSERT INTO "authors" ("id","authByear","authDyear","biography","created_at","updated_at","authName")
                     SELECT "id","authByear","authDyear","biography","created_at","updated_at","authName" FROM "aauthors"[0m
  [1m[35m (0.1ms)[0m  [1m[35mDROP TABLE "aauthors"[0m
  [1m[35m (0.0ms)[0m  [1m[35mPRAGMA defer_foreign_keys = 0[0m
  [1m[35m (0.1ms)[0m  [1m[35mPRAGMA foreign_keys = 1[0m
  [1m[35m (0.0ms)[0m  [1m[35mPRAGMA foreign_keys[0m
  [1m[35m (0.0ms)[0m  [1m[35mPRAGMA defer_foreign_keys[0m
  [1m[35m (0.1ms)[0m  [1m[35mPRAGMA defer_foreign_keys = ON[0m
  [1m[35m (0.0ms)[0m  [1m[35mPRAGMA foreign_keys = OFF[0m
  [1m[35m (0.1ms)[0m  [1m[35mCREATE TEMPORARY TABLE "aauthors" ("id" integer NOT NULL PRIMARY KEY, "authByear" varchar DEFAULT NULL, "authDyear" varchar DEFAULT NULL, "biography" text DEFAULT NULL, "created_at" datetime(6) NOT NULL, "updated_at" datetime(6) NOT NULL, "authName" varchar DEFAULT NULL)[0m
  [1m[35m (0.1ms)[0m  [1m[32mINSERT INTO "aauthors" ("id","authByear","authDyear","biography","created_at","updated_at","authName")
                     SELECT "id","authByear","authDyear","biography","created_at","updated_at","authName" FROM "authors"[0m
  [1m[35m (0.1ms)[0m  [1m[35mDROP TABLE "authors"[0m
  [1m[35m (0.1ms)[0m  [1m[35mCREATE TABLE "authors" ("id" integer NOT NULL PRIMARY KEY, "authByear" varchar DEFAULT NULL, "authDyear" varchar DEFAULT NULL, "biography" text DEFAULT NULL, "created_at" datetime(6) NOT NULL, "updated_at" datetime(6) NOT NULL, "authName" varchar DEFAULT NULL)[0m
  [1m[35m (0.1ms)[0m  [1m[32mINSERT INTO "authors" ("id","authByear","authDyear","biography","created_at","updated_at","authName")
                     SELECT "id","authByear","authDyear","biography","created_at","updated_at","authName" FROM "aauthors"[0m
  [1m[35m (0.2ms)[0m  [1m[35mDROP TABLE "aauthors"[0m
  [1m[35m (0.1ms)[0m  [1m[35mPRAGMA defer_foreign_keys = 0[0m
  [1m[35m (0.1ms)[0m  [1m[35mPRAGMA foreign_keys = 1[0m
  [1m[35m (0.0ms)[0m  [1m[35mPRAGMA foreign_keys[0m
  [1m[35m (0.1ms)[0m  [1m[35mPRAGMA defer_foreign_keys[0m
  [1m[35m (0.1ms)[0m  [1m[35mPRAGMA defer_foreign_keys = ON[0m
  [1m[35m (0.1ms)[0m  [1m[35mPRAGMA foreign_keys = OFF[0m
  [1m[35m (0.2ms)[0m  [1m[35mCREATE TEMPORARY TABLE "aauthors" ("id" integer NOT NULL PRIMARY KEY, "authByear" varchar DEFAULT NULL, "authDyear" varchar DEFAULT NULL, "biography" text DEFAULT NULL, "created_at" datetime(6) NOT NULL, "updated_at" datetime(6) NOT NULL, "authName" varchar DEFAULT NULL)[0m
  [1m[35m (0.1ms)[0m  [1m[32mINSERT INTO "aauthors" ("id","authByear","authDyear","biography","created_at","updated_at","authName")
                     SELECT "id","authByear","authDyear","biography","created_at","updated_at","authName" FROM "authors"[0m
  [1m[35m (0.1ms)[0m  [1m[35mDROP TABLE "authors"[0m
  [1m[35m (0.2ms)[0m  [1m[35mCREATE TABLE "authors" ("id" integer NOT NULL PRIMARY KEY, "authByear" varchar DEFAULT NULL, "authDyear" varchar DEFAULT NULL, "biography" text DEFAULT NULL, "created_at" datetime(6) NOT NULL, "updated_at" datetime(6) NOT NULL, "authName" varchar NOT NULL)[0m
  [1m[35m (0.1ms)[0m  [1m[32mINSERT INTO "authors" ("id","authByear","authDyear","biography","created_at","updated_at","authName")
                     SELECT "id","authByear","authDyear","biography","created_at","updated_at","authName" FROM "aauthors"[0m
  [1m[35m (0.1ms)[0m  [1m[35mDROP TABLE "aauthors"[0m
  [1m[35m (0.0ms)[0m  [1m[35mPRAGMA defer_foreign_keys = 0[0m
  [1m[35m (0.0ms)[0m  [1m[35mPRAGMA foreign_keys = 1[0m
  [1m[35m (0.0ms)[0m  [1m[35mPRAGMA foreign_keys[0m
  [1m[35m (0.0ms)[0m  [1m[35mPRAGMA defer_foreign_keys[0m
  [1m[35m (0.0ms)[0m  [1m[35mPRAGMA defer_foreign_keys = ON[0m
  [1m[35m (0.0ms)[0m  [1m[35mPRAGMA foreign_keys = OFF[0m
  [1m[35m (0.2ms)[0m  [1m[35mCREATE TEMPORARY TABLE "acategories" ("id" integer NOT NULL PRIMARY KEY, "categoryName" varchar DEFAULT NULL, "created_at" datetime(6) NOT NULL, "updated_at" datetime(6) NOT NULL)[0m
  [1m[35m (0.1ms)[0m  [1m[35mCREATE UNIQUE INDEX "tindex_acategories_on_categoryName" ON "acategories" ("categoryName")[0m
  [1m[35m (0.1ms)[0m  [1m[32mINSERT INTO "acategories" ("id","categoryName","created_at","updated_at")
                     SELECT "id","categoryName","created_at","updated_at" FROM "categories"[0m
  [1m[35m (0.3ms)[0m  [1m[35mDROP TABLE "categories"[0m
  [1m[35m (0.2ms)[0m  [1m[35mCREATE TABLE "categories" ("id" integer NOT NULL PRIMARY KEY, "categoryName" varchar NOT NULL, "created_at" datetime(6) NOT NULL, "updated_at" datetime(6) NOT NULL)[0m
  [1m[35m (0.1ms)[0m  [1m[35mCREATE UNIQUE INDEX "index_categories_on_categoryName" ON "categories" ("categoryName")[0m
  [1m[35m (0.1ms)[0m  [1m[32mINSERT INTO "categories" ("id","categoryName","created_at","updated_at")
                     SELECT "id","categoryName","created_at","updated_at" FROM "acategories"[0m
  [1m[35m (0.1ms)[0m  [1m[35mDROP TABLE "acategories"[0m
  [1m[35m (0.0ms)[0m  [1m[35mPRAGMA defer_foreign_keys = 0[0m
  [1m[35m (0.0ms)[0m  [1m[35mPRAGMA foreign_keys = 1[0m
  [1m[35m (0.0ms)[0m  [1m[35mPRAGMA foreign_keys[0m
  [1m[35m (0.0ms)[0m  [1m[35mPRAGMA defer_foreign_keys[0m
  [1m[35m (0.0ms)[0m  [1m[35mPRAGMA defer_foreign_keys = ON[0m
  [1m[35m (0.0ms)[0m  [1m[35mPRAGMA foreign_keys = OFF[0m
  [1m[35m (0.2ms)[0m  [1m[35mCREATE TEMPORARY TABLE "aquotes" ("id" integer NOT NULL PRIMARY KEY, "quoteText" text NOT NULL, "yearOfPublication" varchar DEFAULT NULL, "comment" text DEFAULT NULL, "isQuotePublic" boolean DEFAULT 1, "user_id" integer NOT NULL, "created_at" datetime(6) NOT NULL, "updated_at" datetime(6) NOT NULL, "author_id" integer NOT NULL)[0m
  [1m[35m (0.1ms)[0m  [1m[35mCREATE INDEX "tindex_aquotes_on_author_id" ON "aquotes" ("author_id")[0m
  [1m[35m (0.1ms)[0m  [1m[35mCREATE INDEX "tindex_aquotes_on_user_id" ON "aquotes" ("user_id")[0m
  [1m[35m (0.1ms)[0m  [1m[32mINSERT INTO "aquotes" ("id","quoteText","yearOfPublication","comment","isQuotePublic","user_id","created_at","updated_at","author_id")
                     SELECT "id","quoteText","yearOfPublication","comment","isQuotePublic","user_id","created_at","updated_at","author_id" FROM "quotes"[0m
  [1m[35m (0.2ms)[0m  [1m[35mDROP TABLE "quotes"[0m
  [1m[35m (0.2ms)[0m  [1m[35mCREATE TABLE "quotes" ("id" integer NOT NULL PRIMARY KEY, "quoteText" text NOT NULL, "yearOfPublication" varchar DEFAULT NULL, "comment" text DEFAULT NULL, "isQuotePublic" boolean DEFAULT 1, "user_id" integer NOT NULL, "created_at" datetime(6) NOT NULL, "updated_at" datetime(6) NOT NULL, "author_id" integer NOT NULL, CONSTRAINT "fk_rails_02b555fb4d"
FOREIGN KEY ("user_id")
  REFERENCES "users" ("id")
, CONSTRAINT "fk_rails_3d9d6db8c2"
FOREIGN KEY ("author_id")
  REFERENCES "authors" ("id")
)[0m
  [1m[35m (0.2ms)[0m  [1m[35mCREATE INDEX "index_quotes_on_user_id" ON "quotes" ("user_id")[0m
  [1m[35m (0.1ms)[0m  [1m[35mCREATE INDEX "index_quotes_on_author_id" ON "quotes" ("author_id")[0m
  [1m[35m (0.1ms)[0m  [1m[32mINSERT INTO "quotes" ("id","quoteText","yearOfPublication","comment","isQuotePublic","user_id","created_at","updated_at","author_id")
                     SELECT "id","quoteText","yearOfPublication","comment","isQuotePublic","user_id","created_at","updated_at","author_id" FROM "aquotes"[0m
  [1m[35m (0.1ms)[0m  [1m[35mDROP TABLE "aquotes"[0m
  [1m[35m (0.1ms)[0m  [1m[35mPRAGMA defer_foreign_keys = 0[0m
  [1m[35m (0.1ms)[0m  [1m[35mPRAGMA foreign_keys = 1[0m
  [1m[35m (0.0ms)[0m  [1m[35mPRAGMA foreign_keys[0m
  [1m[35m (0.1ms)[0m  [1m[35mPRAGMA defer_foreign_keys[0m
  [1m[35m (0.1ms)[0m  [1m[35mPRAGMA defer_foreign_keys = ON[0m
  [1m[35m (0.0ms)[0m  [1m[35mPRAGMA foreign_keys = OFF[0m
  [1m[35m (0.1ms)[0m  [1m[35mCREATE TEMPORARY TABLE "aquotes" ("id" integer NOT NULL PRIMARY KEY, "quoteText" text NOT NULL, "yearOfPublication" varchar DEFAULT NULL, "comment" text DEFAULT NULL, "isQuotePublic" boolean DEFAULT 1, "user_id" integer NOT NULL, "created_at" datetime(6) NOT NULL, "updated_at" datetime(6) NOT NULL, "author_id" integer NOT NULL)[0m
  [1m[35m (0.1ms)[0m  [1m[35mCREATE INDEX "tindex_aquotes_on_author_id" ON "aquotes" ("author_id")[0m
  [1m[35m (0.1ms)[0m  [1m[35mCREATE INDEX "tindex_aquotes_on_user_id" ON "aquotes" ("user_id")[0m
  [1m[35m (0.1ms)[0m  [1m[32mINSERT INTO "aquotes" ("id","quoteText","yearOfPublication","comment","isQuotePublic","user_id","created_at","updated_at","author_id")
                     SELECT "id","quoteText","yearOfPublication","comment","isQuotePublic","user_id","created_at","updated_at","author_id" FROM "quotes"[0m
  [1m[35m (0.2ms)[0m  [1m[35mDROP TABLE "quotes"[0m
  [1m[35m (0.2ms)[0m  [1m[35mCREATE TABLE "quotes" ("id" integer NOT NULL PRIMARY KEY, "quoteText" text NOT NULL, "yearOfPublication" varchar DEFAULT NULL, "comment" text DEFAULT NULL, "isQuotePublic" boolean DEFAULT 1, "user_id" integer NOT NULL, "created_at" datetime(6) NOT NULL, "updated_at" datetime(6) NOT NULL, "author_id" integer NOT NULL, CONSTRAINT "fk_rails_3d9d6db8c2"
FOREIGN KEY ("author_id")
  REFERENCES "authors" ("id")
, CONSTRAINT "fk_rails_02b555fb4d"
FOREIGN KEY ("user_id")
  REFERENCES "users" ("id")
)[0m
  [1m[35m (0.1ms)[0m  [1m[35mCREATE INDEX "index_quotes_on_user_id" ON "quotes" ("user_id")[0m
  [1m[35m (0.1ms)[0m  [1m[35mCREATE INDEX "index_quotes_on_author_id" ON "quotes" ("author_id")[0m
  [1m[35m (0.1ms)[0m  [1m[32mINSERT INTO "quotes" ("id","quoteText","yearOfPublication","comment","isQuotePublic","user_id","created_at","updated_at","author_id")
                     SELECT "id","quoteText","yearOfPublication","comment","isQuotePublic","user_id","created_at","updated_at","author_id" FROM "aquotes"[0m
  [1m[35m (0.3ms)[0m  [1m[35mDROP TABLE "aquotes"[0m
  [1m[35m (0.0ms)[0m  [1m[35mPRAGMA defer_foreign_keys = 0[0m
  [1m[35m (0.0ms)[0m  [1m[35mPRAGMA foreign_keys = 1[0m
  [1m[36mActiveRecord::SchemaMigration Create (0.3ms)[0m  [1m[32mINSERT INTO "schema_migrations" ("version") VALUES (?)[0m  [["version", "20241009101000"]]
  [1m[36mTRANSACTION (17.9ms)[0m  [1m[36mcommit transaction[0m
  [1m[36mActiveRecord::InternalMetadata Load (0.1ms)[0m  [1m[34mSELECT "ar_internal_metadata".* FROM "ar_internal_metadata" WHERE "ar_internal_metadata"."key" = ? LIMIT ?[0m  [["key", "environment"], ["LIMIT", 1]]
  [1m[36mActiveRecord::SchemaMigration Pluck (0.7ms)[0m  [1m[34mSELECT "schema_migrations"."version" FROM "schema_migrations" ORDER BY "schema_migrations"."version" ASC[0m
  [1m[36mActiveRecord::SchemaMigration Pluck (1.2ms)[0m  [1m[34mSELECT "schema_migrations"."version" FROM "schema_migrations" ORDER BY "schema_migrations"."version" ASC[0m
  [1m[36mActiveRecord::InternalMetadata Load (0.1ms)[0m  [1m[34mSELECT "ar_internal_metadata".* FROM "ar_internal_metadata" WHERE "ar_internal_metadata"."key" = ? LIMIT ?[0m  [["key", "environment"], ["LIMIT", 1]]
  [1m[36mActiveRecord::SchemaMigration Pluck (0.1ms)[0m  [1m[34mSELECT "schema_migrations"."version" FROM "schema_migrations" ORDER BY "schema_migrations"."version" ASC[0m
  [1m[36mActiveRecord::SchemaMigration Pluck (1.0ms)[0m  [1m[34mSELECT "schema_migrations"."version" FROM "schema_migrations" ORDER BY "schema_migrations"."version" ASC[0m
Migrating to NullConstraints (20241009102127)
  [1m[36mActiveRecord::SchemaMigration Pluck (0.1ms)[0m  [1m[34mSELECT "schema_migrations"."version" FROM "schema_migrations" ORDER BY "schema_migrations"."version" ASC[0m
Migrating to NullConstraints (20241009102127)
  [1m[36mTRANSACTION (0.1ms)[0m  [1m[36mbegin transaction[0m
  [1m[36mUser Create (0.8ms)[0m  [1m[32mINSERT INTO "users" ("fname", "lname", "email", "password_digest", "isAdmin", "status", "created_at", "updated_at") VALUES (?, ?, ?, ?, ?, ?, ?, ?)[0m  [["fname", "John"], ["lname", "Jones"], ["email", "admin@myquotes.com"], ["password_digest", "[FILTERED]"], ["isAdmin", 1], ["status", "Active"], ["created_at", "2024-10-11 06:16:58.379076"], ["updated_at", "2024-10-11 06:16:58.379076"]]
  [1m[36mTRANSACTION (18.7ms)[0m  [1m[36mcommit transaction[0m
  [1m[36mTRANSACTION (0.1ms)[0m  [1m[36mbegin transaction[0m
  [1m[36mUser Create (0.3ms)[0m  [1m[32mINSERT INTO "users" ("fname", "lname", "email", "password_digest", "isAdmin", "status", "created_at", "updated_at") VALUES (?, ?, ?, ?, ?, ?, ?, ?)[0m  [["fname", "Vincent"], ["lname", "Brown"], ["email", "vinceb@myemail.com"], ["password_digest", "[FILTERED]"], ["isAdmin", 0], ["status", "Active"], ["created_at", "2024-10-11 06:20:21.941852"], ["updated_at", "2024-10-11 06:20:21.941852"]]
  [1m[36mTRANSACTION (21.8ms)[0m  [1m[36mcommit transaction[0m
  [1m[36mUser Load (0.2ms)[0m  [1m[34mSELECT "users".* FROM "users"[0m
  [1m[36mUser Load (0.3ms)[0m  [1m[34mSELECT "users".* FROM "users" WHERE "users"."id" = ? LIMIT ?[0m  [["id", 1], ["LIMIT", 1]]
  [1m[36mUser Load (0.2ms)[0m  [1m[34mSELECT "users".* FROM "users" WHERE "users"."fname" = ? LIMIT ?[0m  [["fname", "John"], ["LIMIT", 1]]
  [1m[36mTRANSACTION (0.1ms)[0m  [1m[36mbegin transaction[0m
  [1m[36mUser Create (0.4ms)[0m  [1m[32mINSERT INTO "users" ("fname", "lname", "email", "password_digest", "isAdmin", "status", "created_at", "updated_at") VALUES (?, ?, ?, ?, ?, ?, ?, ?)[0m  [["fname", "John"], ["lname", "Smith"], ["email", "jsmith@email.com"], ["password_digest", "[FILTERED]"], ["isAdmin", 0], ["status", "Active"], ["created_at", "2024-10-11 06:30:06.649859"], ["updated_at", "2024-10-11 06:30:06.649859"]]
  [1m[36mTRANSACTION (23.9ms)[0m  [1m[36mcommit transaction[0m
  [1m[36mTRANSACTION (0.1ms)[0m  [1m[36mbegin transaction[0m
  [1m[36mUser Create (0.3ms)[0m  [1m[32mINSERT INTO "users" ("fname", "lname", "email", "password_digest", "isAdmin", "status", "created_at", "updated_at") VALUES (?, ?, ?, ?, ?, ?, ?, ?)[0m  [["fname", "Lucas"], ["lname", "Scott"], ["email", "lucasscott@email.com"], ["password_digest", "[FILTERED]"], ["isAdmin", 0], ["status", "Banned"], ["created_at", "2024-10-11 06:31:38.095744"], ["updated_at", "2024-10-11 06:31:38.095744"]]
  [1m[36mTRANSACTION (14.2ms)[0m  [1m[36mcommit transaction[0m
  [1m[36mTRANSACTION (0.1ms)[0m  [1m[36mbegin transaction[0m
  [1m[36mUser Create (0.3ms)[0m  [1m[32mINSERT INTO "users" ("fname", "lname", "email", "password_digest", "isAdmin", "status", "created_at", "updated_at") VALUES (?, ?, ?, ?, ?, ?, ?, ?)[0m  [["fname", "Jane"], ["lname", "Doe"], ["email", "janedoe@email.com"], ["password_digest", "[FILTERED]"], ["isAdmin", 0], ["status", "Suspended"], ["created_at", "2024-10-11 06:32:45.362264"], ["updated_at", "2024-10-11 06:32:45.362264"]]
  [1m[36mTRANSACTION (22.1ms)[0m  [1m[36mcommit transaction[0m
  [1m[36mUser Load (0.2ms)[0m  [1m[34mSELECT "users".* FROM "users"[0m
  [1m[36mTRANSACTION (0.1ms)[0m  [1m[36mbegin transaction[0m
  [1m[36mCategory Create (0.3ms)[0m  [1m[32mINSERT INTO "categories" ("categoryName", "created_at", "updated_at") VALUES (?, ?, ?)[0m  [["categoryName", "Metaphysics"], ["created_at", "2024-10-11 06:40:06.197431"], ["updated_at", "2024-10-11 06:40:06.197431"]]
  [1m[36mTRANSACTION (25.0ms)[0m  [1m[36mcommit transaction[0m
  [1m[36mTRANSACTION (0.1ms)[0m  [1m[36mbegin transaction[0m
  [1m[36mCategory Create (0.3ms)[0m  [1m[32mINSERT INTO "categories" ("categoryName", "created_at", "updated_at") VALUES (?, ?, ?)[0m  [["categoryName", "Axiology"], ["created_at", "2024-10-11 06:40:28.545155"], ["updated_at", "2024-10-11 06:40:28.545155"]]
  [1m[36mTRANSACTION (21.1ms)[0m  [1m[36mcommit transaction[0m
  [1m[36mTRANSACTION (0.1ms)[0m  [1m[36mbegin transaction[0m
  [1m[36mCategory Create (0.3ms)[0m  [1m[32mINSERT INTO "categories" ("categoryName", "created_at", "updated_at") VALUES (?, ?, ?)[0m  [["categoryName", "Epistemology"], ["created_at", "2024-10-11 06:40:49.162254"], ["updated_at", "2024-10-11 06:40:49.162254"]]
  [1m[36mTRANSACTION (21.9ms)[0m  [1m[36mcommit transaction[0m
  [1m[36mTRANSACTION (0.1ms)[0m  [1m[36mbegin transaction[0m
  [1m[36mCategory Create (0.7ms)[0m  [1m[32mINSERT INTO "categories" ("categoryName", "created_at", "updated_at") VALUES (?, ?, ?)[0m  [["categoryName", "Logic"], ["created_at", "2024-10-11 06:43:07.134184"], ["updated_at", "2024-10-11 06:43:07.134184"]]
  [1m[36mTRANSACTION (23.7ms)[0m  [1m[36mcommit transaction[0m
  [1m[36mTRANSACTION (0.1ms)[0m  [1m[36mbegin transaction[0m
  [1m[36mCategory Create (0.9ms)[0m  [1m[32mINSERT INTO "categories" ("categoryName", "created_at", "updated_at") VALUES (?, ?, ?)[0m  [["categoryName", "Ethics"], ["created_at", "2024-10-11 06:43:25.137295"], ["updated_at", "2024-10-11 06:43:25.137295"]]
  [1m[36mTRANSACTION (17.6ms)[0m  [1m[36mcommit transaction[0m
  [1m[36mTRANSACTION (0.1ms)[0m  [1m[36mbegin transaction[0m
  [1m[36mCategory Create (0.6ms)[0m  [1m[32mINSERT INTO "categories" ("categoryName", "created_at", "updated_at") VALUES (?, ?, ?)[0m  [["categoryName", "Political Philosophy"], ["created_at", "2024-10-11 06:43:46.675347"], ["updated_at", "2024-10-11 06:43:46.675347"]]
  [1m[36mTRANSACTION (31.5ms)[0m  [1m[36mcommit transaction[0m
  [1m[36mTRANSACTION (0.1ms)[0m  [1m[36mbegin transaction[0m
  [1m[36mCategory Create (0.4ms)[0m  [1m[32mINSERT INTO "categories" ("categoryName", "created_at", "updated_at") VALUES (?, ?, ?)[0m  [["categoryName", "Aesthetics"], ["created_at", "2024-10-11 06:44:38.069813"], ["updated_at", "2024-10-11 06:44:38.069813"]]
  [1m[36mTRANSACTION (20.2ms)[0m  [1m[36mcommit transaction[0m
  [1m[36mTRANSACTION (0.1ms)[0m  [1m[36mbegin transaction[0m
  [1m[36mCategory Create (0.3ms)[0m  [1m[32mINSERT INTO "categories" ("categoryName", "created_at", "updated_at") VALUES (?, ?, ?)[0m  [["categoryName", "Last Words"], ["created_at", "2024-10-11 06:45:05.038118"], ["updated_at", "2024-10-11 06:45:05.038118"]]
  [1m[36mTRANSACTION (16.5ms)[0m  [1m[36mcommit transaction[0m
  [1m[36mTRANSACTION (0.1ms)[0m  [1m[36mbegin transaction[0m
  [1m[36mCategory Create (0.4ms)[0m  [1m[32mINSERT INTO "categories" ("categoryName", "created_at", "updated_at") VALUES (?, ?, ?)[0m  [["categoryName", "Miscellaneous"], ["created_at", "2024-10-11 06:45:23.719132"], ["updated_at", "2024-10-11 06:45:23.719132"]]
  [1m[36mTRANSACTION (19.6ms)[0m  [1m[36mcommit transaction[0m
  [1m[36mCategory Load (0.2ms)[0m  [1m[34mSELECT "categories".* FROM "categories"[0m
  [1m[36mUser Load (0.2ms)[0m  [1m[34mSELECT "users".* FROM "users"[0m
  [1m[36mActiveRecord::SchemaMigration Pluck (0.1ms)[0m  [1m[34mSELECT "schema_migrations"."version" FROM "schema_migrations" ORDER BY "schema_migrations"."version" ASC[0m
Migrating to NullConstraints (20241009102127)
  [1m[36mActiveRecord::SchemaMigration Pluck (0.1ms)[0m  [1m[34mSELECT "schema_migrations"."version" FROM "schema_migrations" ORDER BY "schema_migrations"."version" ASC[0m
Migrating to NullConstraints (20241009102127)
  [1m[36mTRANSACTION (0.0ms)[0m  [1m[36mbegin transaction[0m
  [1m[35m (0.0ms)[0m  [1m[35mPRAGMA foreign_keys[0m
  [1m[35m (0.0ms)[0m  [1m[35mPRAGMA defer_foreign_keys[0m
  [1m[35m (0.0ms)[0m  [1m[35mPRAGMA defer_foreign_keys = ON[0m
  [1m[35m (0.0ms)[0m  [1m[35mPRAGMA foreign_keys = OFF[0m
  [1m[35m (0.2ms)[0m  [1m[35mCREATE TEMPORARY TABLE "aauthors" ("id" integer NOT NULL PRIMARY KEY, "authByear" varchar DEFAULT NULL, "authDyear" varchar DEFAULT NULL, "biography" text DEFAULT NULL, "created_at" datetime(6) NOT NULL, "updated_at" datetime(6) NOT NULL, "authName" varchar NOT NULL)[0m
  [1m[35m (0.1ms)[0m  [1m[32mINSERT INTO "aauthors" ("id","authByear","authDyear","biography","created_at","updated_at","authName")
                     SELECT "id","authByear","authDyear","biography","created_at","updated_at","authName" FROM "authors"[0m
  [1m[35m (0.3ms)[0m  [1m[35mDROP TABLE "authors"[0m
  [1m[35m (0.2ms)[0m  [1m[35mCREATE TABLE "authors" ("id" integer NOT NULL PRIMARY KEY, "authByear" varchar DEFAULT NULL, "authDyear" varchar DEFAULT NULL, "biography" text DEFAULT NULL, "created_at" datetime(6) NOT NULL, "updated_at" datetime(6) NOT NULL, "authName" varchar NOT NULL)[0m
  [1m[35m (0.1ms)[0m  [1m[32mINSERT INTO "authors" ("id","authByear","authDyear","biography","created_at","updated_at","authName")
                     SELECT "id","authByear","authDyear","biography","created_at","updated_at","authName" FROM "aauthors"[0m
  [1m[35m (0.2ms)[0m  [1m[35mDROP TABLE "aauthors"[0m
  [1m[35m (0.1ms)[0m  [1m[35mPRAGMA defer_foreign_keys = 0[0m
  [1m[35m (0.1ms)[0m  [1m[35mPRAGMA foreign_keys = 1[0m
  [1m[36mTRANSACTION (0.2ms)[0m  [1m[31mrollback transaction[0m
  [1m[36mActiveRecord::SchemaMigration Pluck (0.1ms)[0m  [1m[34mSELECT "schema_migrations"."version" FROM "schema_migrations" ORDER BY "schema_migrations"."version" ASC[0m
Migrating to NullConstraints (20241009102127)
  [1m[36mTRANSACTION (0.1ms)[0m  [1m[36mbegin transaction[0m
  [1m[35m (0.0ms)[0m  [1m[35mPRAGMA foreign_keys[0m
  [1m[35m (0.1ms)[0m  [1m[35mPRAGMA defer_foreign_keys[0m
  [1m[35m (0.1ms)[0m  [1m[35mPRAGMA defer_foreign_keys = ON[0m
  [1m[35m (0.0ms)[0m  [1m[35mPRAGMA foreign_keys = OFF[0m
  [1m[35m (0.2ms)[0m  [1m[35mCREATE TEMPORARY TABLE "aauthors" ("id" integer NOT NULL PRIMARY KEY, "authByear" varchar DEFAULT NULL, "authDyear" varchar DEFAULT NULL, "biography" text DEFAULT NULL, "created_at" datetime(6) NOT NULL, "updated_at" datetime(6) NOT NULL, "authName" varchar NOT NULL)[0m
  [1m[35m (0.1ms)[0m  [1m[32mINSERT INTO "aauthors" ("id","authByear","authDyear","biography","created_at","updated_at","authName")
                     SELECT "id","authByear","authDyear","biography","created_at","updated_at","authName" FROM "authors"[0m
  [1m[35m (0.3ms)[0m  [1m[35mDROP TABLE "authors"[0m
  [1m[35m (0.1ms)[0m  [1m[35mCREATE TABLE "authors" ("id" integer NOT NULL PRIMARY KEY, "authByear" varchar DEFAULT NULL, "authDyear" varchar DEFAULT NULL, "biography" text DEFAULT NULL, "created_at" datetime(6) NOT NULL, "updated_at" datetime(6) NOT NULL, "authName" varchar NOT NULL)[0m
  [1m[35m (0.0ms)[0m  [1m[32mINSERT INTO "authors" ("id","authByear","authDyear","biography","created_at","updated_at","authName")
                     SELECT "id","authByear","authDyear","biography","created_at","updated_at","authName" FROM "aauthors"[0m
  [1m[35m (0.1ms)[0m  [1m[35mDROP TABLE "aauthors"[0m
  [1m[35m (0.0ms)[0m  [1m[35mPRAGMA defer_foreign_keys = 0[0m
  [1m[35m (0.0ms)[0m  [1m[35mPRAGMA foreign_keys = 1[0m
  [1m[36mTRANSACTION (0.2ms)[0m  [1m[31mrollback transaction[0m
  [1m[36mActiveRecord::SchemaMigration Pluck (0.1ms)[0m  [1m[34mSELECT "schema_migrations"."version" FROM "schema_migrations" ORDER BY "schema_migrations"."version" ASC[0m
Migrating to NullConstraints (20241009102127)
  [1m[36mTRANSACTION (0.0ms)[0m  [1m[36mbegin transaction[0m
  [1m[35m (0.0ms)[0m  [1m[35mPRAGMA foreign_keys[0m
  [1m[35m (0.0ms)[0m  [1m[35mPRAGMA defer_foreign_keys[0m
  [1m[35m (0.0ms)[0m  [1m[35mPRAGMA defer_foreign_keys = ON[0m
  [1m[35m (0.0ms)[0m  [1m[35mPRAGMA foreign_keys = OFF[0m
  [1m[35m (0.2ms)[0m  [1m[35mCREATE TEMPORARY TABLE "aauthors" ("id" integer NOT NULL PRIMARY KEY, "authByear" varchar DEFAULT NULL, "authDyear" varchar DEFAULT NULL, "biography" text DEFAULT NULL, "created_at" datetime(6) NOT NULL, "updated_at" datetime(6) NOT NULL, "authName" varchar NOT NULL)[0m
  [1m[35m (0.1ms)[0m  [1m[32mINSERT INTO "aauthors" ("id","authByear","authDyear","biography","created_at","updated_at","authName")
                     SELECT "id","authByear","authDyear","biography","created_at","updated_at","authName" FROM "authors"[0m
  [1m[35m (0.3ms)[0m  [1m[35mDROP TABLE "authors"[0m
  [1m[35m (0.1ms)[0m  [1m[35mCREATE TABLE "authors" ("id" integer NOT NULL PRIMARY KEY, "authByear" varchar DEFAULT NULL, "authDyear" varchar DEFAULT NULL, "biography" text DEFAULT NULL, "created_at" datetime(6) NOT NULL, "updated_at" datetime(6) NOT NULL, "authName" varchar NOT NULL)[0m
  [1m[35m (0.0ms)[0m  [1m[32mINSERT INTO "authors" ("id","authByear","authDyear","biography","created_at","updated_at","authName")
                     SELECT "id","authByear","authDyear","biography","created_at","updated_at","authName" FROM "aauthors"[0m
  [1m[35m (0.1ms)[0m  [1m[35mDROP TABLE "aauthors"[0m
  [1m[35m (0.0ms)[0m  [1m[35mPRAGMA defer_foreign_keys = 0[0m
  [1m[35m (0.0ms)[0m  [1m[35mPRAGMA foreign_keys = 1[0m
  [1m[35m (0.0ms)[0m  [1m[35mPRAGMA foreign_keys[0m
  [1m[35m (0.1ms)[0m  [1m[35mPRAGMA defer_foreign_keys[0m
  [1m[35m (0.0ms)[0m  [1m[35mPRAGMA defer_foreign_keys = ON[0m
  [1m[35m (0.0ms)[0m  [1m[35mPRAGMA foreign_keys = OFF[0m
  [1m[35m (0.1ms)[0m  [1m[35mCREATE TEMPORARY TABLE "aauthors" ("id" integer NOT NULL PRIMARY KEY, "authByear" varchar DEFAULT NULL, "authDyear" varchar DEFAULT NULL, "biography" text DEFAULT NULL, "created_at" datetime(6) NOT NULL, "updated_at" datetime(6) NOT NULL, "authName" varchar NOT NULL)[0m
  [1m[35m (0.1ms)[0m  [1m[32mINSERT INTO "aauthors" ("id","authByear","authDyear","biography","created_at","updated_at","authName")
                     SELECT "id","authByear","authDyear","biography","created_at","updated_at","authName" FROM "authors"[0m
  [1m[35m (0.1ms)[0m  [1m[35mDROP TABLE "authors"[0m
  [1m[35m (0.1ms)[0m  [1m[35mCREATE TABLE "authors" ("id" integer NOT NULL PRIMARY KEY, "authByear" varchar DEFAULT NULL, "authDyear" varchar DEFAULT NULL, "biography" text DEFAULT NULL, "created_at" datetime(6) NOT NULL, "updated_at" datetime(6) NOT NULL, "authName" varchar NOT NULL)[0m
  [1m[35m (0.1ms)[0m  [1m[32mINSERT INTO "authors" ("id","authByear","authDyear","biography","created_at","updated_at","authName")
                     SELECT "id","authByear","authDyear","biography","created_at","updated_at","authName" FROM "aauthors"[0m
  [1m[35m (0.1ms)[0m  [1m[35mDROP TABLE "aauthors"[0m
  [1m[35m (0.0ms)[0m  [1m[35mPRAGMA defer_foreign_keys = 0[0m
  [1m[35m (0.0ms)[0m  [1m[35mPRAGMA foreign_keys = 1[0m
  [1m[35m (0.0ms)[0m  [1m[35mPRAGMA foreign_keys[0m
  [1m[35m (0.1ms)[0m  [1m[35mPRAGMA defer_foreign_keys[0m
  [1m[35m (0.0ms)[0m  [1m[35mPRAGMA defer_foreign_keys = ON[0m
  [1m[35m (0.0ms)[0m  [1m[35mPRAGMA foreign_keys = OFF[0m
  [1m[35m (0.1ms)[0m  [1m[35mCREATE TEMPORARY TABLE "aauthors" ("id" integer NOT NULL PRIMARY KEY, "authByear" varchar DEFAULT NULL, "authDyear" varchar DEFAULT NULL, "biography" text DEFAULT NULL, "created_at" datetime(6) NOT NULL, "updated_at" datetime(6) NOT NULL, "authName" varchar NOT NULL)[0m
  [1m[35m (0.0ms)[0m  [1m[32mINSERT INTO "aauthors" ("id","authByear","authDyear","biography","created_at","updated_at","authName")
                     SELECT "id","authByear","authDyear","biography","created_at","updated_at","authName" FROM "authors"[0m
  [1m[35m (0.1ms)[0m  [1m[35mDROP TABLE "authors"[0m
  [1m[35m (0.1ms)[0m  [1m[35mCREATE TABLE "authors" ("id" integer NOT NULL PRIMARY KEY, "authByear" varchar DEFAULT NULL, "authDyear" varchar DEFAULT NULL, "biography" text DEFAULT NULL, "created_at" datetime(6) NOT NULL, "updated_at" datetime(6) NOT NULL, "authName" varchar NOT NULL)[0m
  [1m[35m (0.1ms)[0m  [1m[32mINSERT INTO "authors" ("id","authByear","authDyear","biography","created_at","updated_at","authName")
                     SELECT "id","authByear","authDyear","biography","created_at","updated_at","authName" FROM "aauthors"[0m
  [1m[35m (0.1ms)[0m  [1m[35mDROP TABLE "aauthors"[0m
  [1m[35m (0.0ms)[0m  [1m[35mPRAGMA defer_foreign_keys = 0[0m
  [1m[35m (0.0ms)[0m  [1m[35mPRAGMA foreign_keys = 1[0m
  [1m[35m (0.0ms)[0m  [1m[35mPRAGMA foreign_keys[0m
  [1m[35m (0.0ms)[0m  [1m[35mPRAGMA defer_foreign_keys[0m
  [1m[35m (0.0ms)[0m  [1m[35mPRAGMA defer_foreign_keys = ON[0m
  [1m[35m (0.0ms)[0m  [1m[35mPRAGMA foreign_keys = OFF[0m
  [1m[35m (0.1ms)[0m  [1m[35mCREATE TEMPORARY TABLE "aauthors" ("id" integer NOT NULL PRIMARY KEY, "authByear" varchar DEFAULT NULL, "authDyear" varchar DEFAULT NULL, "biography" text DEFAULT NULL, "created_at" datetime(6) NOT NULL, "updated_at" datetime(6) NOT NULL, "authName" varchar NOT NULL)[0m
  [1m[35m (0.1ms)[0m  [1m[32mINSERT INTO "aauthors" ("id","authByear","authDyear","biography","created_at","updated_at","authName")
                     SELECT "id","authByear","authDyear","biography","created_at","updated_at","authName" FROM "authors"[0m
  [1m[35m (0.1ms)[0m  [1m[35mDROP TABLE "authors"[0m
  [1m[35m (0.2ms)[0m  [1m[35mCREATE TABLE "authors" ("id" integer NOT NULL PRIMARY KEY, "authByear" varchar DEFAULT NULL, "authDyear" varchar DEFAULT NULL, "biography" text DEFAULT NULL, "created_at" datetime(6) NOT NULL, "updated_at" datetime(6) NOT NULL, "authName" varchar NOT NULL)[0m
  [1m[35m (0.1ms)[0m  [1m[32mINSERT INTO "authors" ("id","authByear","authDyear","biography","created_at","updated_at","authName")
                     SELECT "id","authByear","authDyear","biography","created_at","updated_at","authName" FROM "aauthors"[0m
  [1m[35m (0.1ms)[0m  [1m[35mDROP TABLE "aauthors"[0m
  [1m[35m (0.0ms)[0m  [1m[35mPRAGMA defer_foreign_keys = 0[0m
  [1m[35m (0.0ms)[0m  [1m[35mPRAGMA foreign_keys = 1[0m
  [1m[35m (0.0ms)[0m  [1m[35mPRAGMA foreign_keys[0m
  [1m[35m (0.0ms)[0m  [1m[35mPRAGMA defer_foreign_keys[0m
  [1m[35m (0.0ms)[0m  [1m[35mPRAGMA defer_foreign_keys = ON[0m
  [1m[35m (0.1ms)[0m  [1m[35mPRAGMA foreign_keys = OFF[0m
  [1m[35m (0.1ms)[0m  [1m[35mCREATE TEMPORARY TABLE "acategories" ("id" integer NOT NULL PRIMARY KEY, "categoryName" varchar NOT NULL, "created_at" datetime(6) NOT NULL, "updated_at" datetime(6) NOT NULL)[0m
  [1m[35m (0.1ms)[0m  [1m[35mCREATE UNIQUE INDEX "tindex_acategories_on_categoryName" ON "acategories" ("categoryName")[0m
  [1m[35m (0.1ms)[0m  [1m[32mINSERT INTO "acategories" ("id","categoryName","created_at","updated_at")
                     SELECT "id","categoryName","created_at","updated_at" FROM "categories"[0m
  [1m[35m (0.2ms)[0m  [1m[35mDROP TABLE "categories"[0m
  [1m[35m (0.1ms)[0m  [1m[35mCREATE TABLE "categories" ("id" integer NOT NULL PRIMARY KEY, "categoryName" varchar NOT NULL, "created_at" datetime(6) NOT NULL, "updated_at" datetime(6) NOT NULL)[0m
  [1m[35m (0.2ms)[0m  [1m[35mCREATE UNIQUE INDEX "index_categories_on_categoryName" ON "categories" ("categoryName")[0m
  [1m[35m (0.1ms)[0m  [1m[32mINSERT INTO "categories" ("id","categoryName","created_at","updated_at")
                     SELECT "id","categoryName","created_at","updated_at" FROM "acategories"[0m
  [1m[35m (0.1ms)[0m  [1m[35mDROP TABLE "acategories"[0m
  [1m[35m (0.1ms)[0m  [1m[35mPRAGMA defer_foreign_keys = 0[0m
  [1m[35m (0.1ms)[0m  [1m[35mPRAGMA foreign_keys = 1[0m
  [1m[35m (0.0ms)[0m  [1m[35mPRAGMA foreign_keys[0m
  [1m[35m (0.1ms)[0m  [1m[35mPRAGMA defer_foreign_keys[0m
  [1m[35m (0.1ms)[0m  [1m[35mPRAGMA defer_foreign_keys = ON[0m
  [1m[35m (0.1ms)[0m  [1m[35mPRAGMA foreign_keys = OFF[0m
  [1m[35m (0.2ms)[0m  [1m[35mCREATE TEMPORARY TABLE "aquotes" ("id" integer NOT NULL PRIMARY KEY, "quoteText" text NOT NULL, "yearOfPublication" varchar DEFAULT NULL, "comment" text DEFAULT NULL, "isQuotePublic" boolean DEFAULT 1, "user_id" integer NOT NULL, "created_at" datetime(6) NOT NULL, "updated_at" datetime(6) NOT NULL, "author_id" integer NOT NULL)[0m
  [1m[35m (0.1ms)[0m  [1m[35mCREATE INDEX "tindex_aquotes_on_author_id" ON "aquotes" ("author_id")[0m
  [1m[35m (0.1ms)[0m  [1m[35mCREATE INDEX "tindex_aquotes_on_user_id" ON "aquotes" ("user_id")[0m
  [1m[35m (0.1ms)[0m  [1m[32mINSERT INTO "aquotes" ("id","quoteText","yearOfPublication","comment","isQuotePublic","user_id","created_at","updated_at","author_id")
                     SELECT "id","quoteText","yearOfPublication","comment","isQuotePublic","user_id","created_at","updated_at","author_id" FROM "quotes"[0m
  [1m[35m (0.5ms)[0m  [1m[35mDROP TABLE "quotes"[0m
  [1m[35m (0.2ms)[0m  [1m[35mCREATE TABLE "quotes" ("id" integer NOT NULL PRIMARY KEY, "quoteText" text NOT NULL, "yearOfPublication" varchar DEFAULT NULL, "comment" text DEFAULT NULL, "isQuotePublic" boolean DEFAULT 1, "user_id" integer NOT NULL, "created_at" datetime(6) NOT NULL, "updated_at" datetime(6) NOT NULL, "author_id" integer NOT NULL, CONSTRAINT "fk_rails_02b555fb4d"
FOREIGN KEY ("user_id")
  REFERENCES "users" ("id")
, CONSTRAINT "fk_rails_3d9d6db8c2"
FOREIGN KEY ("author_id")
  REFERENCES "authors" ("id")
)[0m
  [1m[35m (0.1ms)[0m  [1m[35mCREATE INDEX "index_quotes_on_user_id" ON "quotes" ("user_id")[0m
  [1m[35m (0.1ms)[0m  [1m[35mCREATE INDEX "index_quotes_on_author_id" ON "quotes" ("author_id")[0m
  [1m[35m (0.3ms)[0m  [1m[32mINSERT INTO "quotes" ("id","quoteText","yearOfPublication","comment","isQuotePublic","user_id","created_at","updated_at","author_id")
                     SELECT "id","quoteText","yearOfPublication","comment","isQuotePublic","user_id","created_at","updated_at","author_id" FROM "aquotes"[0m
  [1m[35m (0.1ms)[0m  [1m[35mDROP TABLE "aquotes"[0m
  [1m[35m (0.0ms)[0m  [1m[35mPRAGMA defer_foreign_keys = 0[0m
  [1m[35m (0.0ms)[0m  [1m[35mPRAGMA foreign_keys = 1[0m
  [1m[35m (0.0ms)[0m  [1m[35mPRAGMA foreign_keys[0m
  [1m[35m (0.1ms)[0m  [1m[35mPRAGMA defer_foreign_keys[0m
  [1m[35m (0.1ms)[0m  [1m[35mPRAGMA defer_foreign_keys = ON[0m
  [1m[35m (0.1ms)[0m  [1m[35mPRAGMA foreign_keys = OFF[0m
  [1m[35m (0.2ms)[0m  [1m[35mCREATE TEMPORARY TABLE "aquotes" ("id" integer NOT NULL PRIMARY KEY, "quoteText" text NOT NULL, "yearOfPublication" varchar DEFAULT NULL, "comment" text DEFAULT NULL, "isQuotePublic" boolean DEFAULT 1, "user_id" integer NOT NULL, "created_at" datetime(6) NOT NULL, "updated_at" datetime(6) NOT NULL, "author_id" integer NOT NULL)[0m
  [1m[35m (0.2ms)[0m  [1m[35mCREATE INDEX "tindex_aquotes_on_author_id" ON "aquotes" ("author_id")[0m
  [1m[35m (0.1ms)[0m  [1m[35mCREATE INDEX "tindex_aquotes_on_user_id" ON "aquotes" ("user_id")[0m
  [1m[35m (0.1ms)[0m  [1m[32mINSERT INTO "aquotes" ("id","quoteText","yearOfPublication","comment","isQuotePublic","user_id","created_at","updated_at","author_id")
                     SELECT "id","quoteText","yearOfPublication","comment","isQuotePublic","user_id","created_at","updated_at","author_id" FROM "quotes"[0m
  [1m[35m (0.2ms)[0m  [1m[35mDROP TABLE "quotes"[0m
  [1m[35m (0.2ms)[0m  [1m[35mCREATE TABLE "quotes" ("id" integer NOT NULL PRIMARY KEY, "quoteText" text NOT NULL, "yearOfPublication" varchar DEFAULT NULL, "comment" text DEFAULT NULL, "isQuotePublic" boolean DEFAULT 1, "user_id" integer NOT NULL, "created_at" datetime(6) NOT NULL, "updated_at" datetime(6) NOT NULL, "author_id" integer NOT NULL, CONSTRAINT "fk_rails_3d9d6db8c2"
FOREIGN KEY ("author_id")
  REFERENCES "authors" ("id")
, CONSTRAINT "fk_rails_02b555fb4d"
FOREIGN KEY ("user_id")
  REFERENCES "users" ("id")
)[0m
  [1m[35m (0.1ms)[0m  [1m[35mCREATE INDEX "index_quotes_on_user_id" ON "quotes" ("user_id")[0m
  [1m[35m (0.1ms)[0m  [1m[35mCREATE INDEX "index_quotes_on_author_id" ON "quotes" ("author_id")[0m
  [1m[35m (0.1ms)[0m  [1m[32mINSERT INTO "quotes" ("id","quoteText","yearOfPublication","comment","isQuotePublic","user_id","created_at","updated_at","author_id")
                     SELECT "id","quoteText","yearOfPublication","comment","isQuotePublic","user_id","created_at","updated_at","author_id" FROM "aquotes"[0m
  [1m[35m (0.1ms)[0m  [1m[35mDROP TABLE "aquotes"[0m
  [1m[35m (0.1ms)[0m  [1m[35mPRAGMA defer_foreign_keys = 0[0m
  [1m[35m (0.0ms)[0m  [1m[35mPRAGMA foreign_keys = 1[0m
  [1m[36mActiveRecord::SchemaMigration Create (0.2ms)[0m  [1m[32mINSERT INTO "schema_migrations" ("version") VALUES (?)[0m  [["version", "20241009102127"]]
  [1m[36mTRANSACTION (30.5ms)[0m  [1m[36mcommit transaction[0m
  [1m[36mActiveRecord::InternalMetadata Load (0.1ms)[0m  [1m[34mSELECT "ar_internal_metadata".* FROM "ar_internal_metadata" WHERE "ar_internal_metadata"."key" = ? LIMIT ?[0m  [["key", "environment"], ["LIMIT", 1]]
  [1m[36mActiveRecord::SchemaMigration Pluck (0.1ms)[0m  [1m[34mSELECT "schema_migrations"."version" FROM "schema_migrations" ORDER BY "schema_migrations"."version" ASC[0m
Started GET "/" for 127.0.0.1 at 2024-10-11 07:23:56 +0000
  [1m[36mActiveRecord::SchemaMigration Pluck (0.1ms)[0m  [1m[34mSELECT "schema_migrations"."version" FROM "schema_migrations" ORDER BY "schema_migrations"."version" ASC[0m
Processing by Rails::WelcomeController#index as HTML
  Rendering /home/student/.asdf/installs/ruby/3.2.2/lib/ruby/gems/3.2.0/gems/railties-7.0.8.4/lib/rails/templates/rails/welcome/index.html.erb
  Rendered /home/student/.asdf/installs/ruby/3.2.2/lib/ruby/gems/3.2.0/gems/railties-7.0.8.4/lib/rails/templates/rails/welcome/index.html.erb (Duration: 5.0ms | Allocations: 633)
Completed 200 OK in 49ms (Views: 9.3ms | ActiveRecord: 0.0ms | Allocations: 7467)


Started GET "/" for 127.0.0.1 at 2024-10-11 07:26:01 +0000
  [1m[36mActiveRecord::SchemaMigration Pluck (0.2ms)[0m  [1m[34mSELECT "schema_migrations"."version" FROM "schema_migrations" ORDER BY "schema_migrations"."version" ASC[0m
Processing by Rails::WelcomeController#index as HTML
  Rendering /home/student/.asdf/installs/ruby/3.2.2/lib/ruby/gems/3.2.0/gems/railties-7.0.8.4/lib/rails/templates/rails/welcome/index.html.erb
  Rendered /home/student/.asdf/installs/ruby/3.2.2/lib/ruby/gems/3.2.0/gems/railties-7.0.8.4/lib/rails/templates/rails/welcome/index.html.erb (Duration: 2.1ms | Allocations: 489)
Completed 200 OK in 16ms (Views: 7.0ms | ActiveRecord: 0.0ms | Allocations: 4335)


Started GET "/" for 127.0.0.1 at 2024-10-11 07:26:03 +0000
Processing by Rails::WelcomeController#index as HTML
  Rendering /home/student/.asdf/installs/ruby/3.2.2/lib/ruby/gems/3.2.0/gems/railties-7.0.8.4/lib/rails/templates/rails/welcome/index.html.erb
  Rendered /home/student/.asdf/installs/ruby/3.2.2/lib/ruby/gems/3.2.0/gems/railties-7.0.8.4/lib/rails/templates/rails/welcome/index.html.erb (Duration: 1.2ms | Allocations: 272)
Completed 200 OK in 19ms (Views: 18.2ms | ActiveRecord: 0.0ms | Allocations: 916)


Started GET "/about" for 127.0.0.1 at 2024-10-11 07:30:00 +0000
  
ActionController::RoutingError (No route matches [GET] "/about"):
  
Started GET "/" for 127.0.0.1 at 2024-10-11 07:30:11 +0000
Processing by Rails::WelcomeController#index as HTML
  Rendering /home/student/.asdf/installs/ruby/3.2.2/lib/ruby/gems/3.2.0/gems/railties-7.0.8.4/lib/rails/templates/rails/welcome/index.html.erb
  Rendered /home/student/.asdf/installs/ruby/3.2.2/lib/ruby/gems/3.2.0/gems/railties-7.0.8.4/lib/rails/templates/rails/welcome/index.html.erb (Duration: 0.1ms | Allocations: 14)
Completed 200 OK in 1ms (Views: 0.7ms | ActiveRecord: 0.0ms | Allocations: 221)


